mode: atomic
github.com/livinlefevreloca/itinerary/internal/inbox/inbox.go:28.87,35.2 1 10
github.com/livinlefevreloca/itinerary/internal/inbox/inbox.go:39.38,40.9 1 127
github.com/livinlefevreloca/itinerary/internal/inbox/inbox.go:41.20,43.14 2 126
github.com/livinlefevreloca/itinerary/internal/inbox/inbox.go:44.32,49.15 3 1
github.com/livinlefevreloca/itinerary/internal/inbox/inbox.go:55.44,56.9 1 114
github.com/livinlefevreloca/itinerary/internal/inbox/inbox.go:57.22,59.19 2 112
github.com/livinlefevreloca/itinerary/internal/inbox/inbox.go:60.10,62.21 2 2
github.com/livinlefevreloca/itinerary/internal/inbox/inbox.go:67.33,71.2 3 1
github.com/livinlefevreloca/itinerary/internal/inbox/inbox.go:74.40,77.35 3 3
github.com/livinlefevreloca/itinerary/internal/inbox/inbox.go:77.35,79.3 1 2
github.com/livinlefevreloca/itinerary/internal/inbox/inbox.go:83.38,91.2 1 6
github.com/livinlefevreloca/itinerary/internal/inbox/inbox.go:94.31,96.2 1 3
github.com/livinlefevreloca/itinerary/internal/inbox/inbox.go:99.37,101.2 1 0
github.com/livinlefevreloca/itinerary/internal/inbox/inbox.go:104.29,106.2 1 0
github.com/livinlefevreloca/itinerary/internal/cron/cron.go:25.48,27.2 1 85
github.com/livinlefevreloca/itinerary/internal/cron/cron.go:33.70,40.27 3 18
github.com/livinlefevreloca/itinerary/internal/cron/cron.go:40.27,41.26 1 2522649
github.com/livinlefevreloca/itinerary/internal/cron/cron.go:41.26,43.4 1 52
github.com/livinlefevreloca/itinerary/internal/cron/cron.go:44.3,44.37 1 2522649
github.com/livinlefevreloca/itinerary/internal/cron/cron.go:47.2,47.16 1 18
github.com/livinlefevreloca/itinerary/internal/cron/cron.go:53.67,59.26 3 14
github.com/livinlefevreloca/itinerary/internal/cron/cron.go:59.26,60.26 1 785040
github.com/livinlefevreloca/itinerary/internal/cron/cron.go:60.26,62.4 1 10210
github.com/livinlefevreloca/itinerary/internal/cron/cron.go:63.3,63.37 1 785040
github.com/livinlefevreloca/itinerary/internal/cron/cron.go:66.2,66.16 1 14
github.com/livinlefevreloca/itinerary/internal/cron/matcher.go:6.51,11.2 1 3307689
github.com/livinlefevreloca/itinerary/internal/cron/matcher.go:19.65,24.36 3 12470
github.com/livinlefevreloca/itinerary/internal/cron/matcher.go:24.36,30.66 3 92
github.com/livinlefevreloca/itinerary/internal/cron/matcher.go:30.66,32.4 1 0
github.com/livinlefevreloca/itinerary/internal/cron/matcher.go:34.3,34.30 1 92
github.com/livinlefevreloca/itinerary/internal/cron/matcher.go:35.8,35.26 1 12378
github.com/livinlefevreloca/itinerary/internal/cron/matcher.go:35.26,37.41 1 2136
github.com/livinlefevreloca/itinerary/internal/cron/matcher.go:37.41,39.4 1 2073
github.com/livinlefevreloca/itinerary/internal/cron/matcher.go:41.3,41.56 1 63
github.com/livinlefevreloca/itinerary/internal/cron/matcher.go:42.8,42.26 1 10242
github.com/livinlefevreloca/itinerary/internal/cron/matcher.go:42.26,45.3 1 40
github.com/livinlefevreloca/itinerary/internal/cron/matcher.go:49.2,49.55 1 10202
github.com/livinlefevreloca/itinerary/internal/cron/matcher.go:53.42,54.26 1 3385455
github.com/livinlefevreloca/itinerary/internal/cron/matcher.go:54.26,55.15 1 3802110
github.com/livinlefevreloca/itinerary/internal/cron/matcher.go:55.15,57.4 1 87938
github.com/livinlefevreloca/itinerary/internal/cron/matcher.go:59.2,59.14 1 3297517
github.com/livinlefevreloca/itinerary/internal/cron/parser.go:11.48,16.22 2 85
github.com/livinlefevreloca/itinerary/internal/cron/parser.go:16.22,18.3 1 3
github.com/livinlefevreloca/itinerary/internal/cron/parser.go:21.2,22.16 2 82
github.com/livinlefevreloca/itinerary/internal/cron/parser.go:22.16,24.3 1 8
github.com/livinlefevreloca/itinerary/internal/cron/parser.go:26.2,27.16 2 74
github.com/livinlefevreloca/itinerary/internal/cron/parser.go:27.16,29.3 1 1
github.com/livinlefevreloca/itinerary/internal/cron/parser.go:31.2,32.16 2 73
github.com/livinlefevreloca/itinerary/internal/cron/parser.go:32.16,34.3 1 2
github.com/livinlefevreloca/itinerary/internal/cron/parser.go:36.2,37.16 2 71
github.com/livinlefevreloca/itinerary/internal/cron/parser.go:37.16,39.3 1 2
github.com/livinlefevreloca/itinerary/internal/cron/parser.go:41.2,42.16 2 69
github.com/livinlefevreloca/itinerary/internal/cron/parser.go:42.16,44.3 1 2
github.com/livinlefevreloca/itinerary/internal/cron/parser.go:47.2,47.69 1 67
github.com/livinlefevreloca/itinerary/internal/cron/parser.go:47.69,49.3 1 6
github.com/livinlefevreloca/itinerary/internal/cron/parser.go:51.2,58.8 1 61
github.com/livinlefevreloca/itinerary/internal/cron/parser.go:62.60,63.17 1 369
github.com/livinlefevreloca/itinerary/internal/cron/parser.go:63.17,65.3 1 0
github.com/livinlefevreloca/itinerary/internal/cron/parser.go:68.2,68.18 1 369
github.com/livinlefevreloca/itinerary/internal/cron/parser.go:68.18,70.3 1 189
github.com/livinlefevreloca/itinerary/internal/cron/parser.go:73.2,73.34 1 180
github.com/livinlefevreloca/itinerary/internal/cron/parser.go:73.34,75.3 1 12
github.com/livinlefevreloca/itinerary/internal/cron/parser.go:78.2,78.34 1 168
github.com/livinlefevreloca/itinerary/internal/cron/parser.go:78.34,80.3 1 11
github.com/livinlefevreloca/itinerary/internal/cron/parser.go:83.2,83.34 1 157
github.com/livinlefevreloca/itinerary/internal/cron/parser.go:83.34,85.3 1 12
github.com/livinlefevreloca/itinerary/internal/cron/parser.go:88.2,88.37 1 145
github.com/livinlefevreloca/itinerary/internal/cron/parser.go:92.38,94.24 2 209
github.com/livinlefevreloca/itinerary/internal/cron/parser.go:94.24,96.3 1 4240
github.com/livinlefevreloca/itinerary/internal/cron/parser.go:97.2,97.15 1 209
github.com/livinlefevreloca/itinerary/internal/cron/parser.go:101.59,103.21 2 12
github.com/livinlefevreloca/itinerary/internal/cron/parser.go:103.21,105.3 1 0
github.com/livinlefevreloca/itinerary/internal/cron/parser.go:108.2,109.16 2 12
github.com/livinlefevreloca/itinerary/internal/cron/parser.go:109.16,111.3 1 1
github.com/livinlefevreloca/itinerary/internal/cron/parser.go:112.2,112.15 1 11
github.com/livinlefevreloca/itinerary/internal/cron/parser.go:112.15,114.3 1 1
github.com/livinlefevreloca/itinerary/internal/cron/parser.go:117.2,118.21 2 10
github.com/livinlefevreloca/itinerary/internal/cron/parser.go:118.21,120.3 1 8
github.com/livinlefevreloca/itinerary/internal/cron/parser.go:120.8,120.44 1 2
github.com/livinlefevreloca/itinerary/internal/cron/parser.go:120.44,122.17 2 2
github.com/livinlefevreloca/itinerary/internal/cron/parser.go:122.17,124.4 1 0
github.com/livinlefevreloca/itinerary/internal/cron/parser.go:125.8,127.3 1 0
github.com/livinlefevreloca/itinerary/internal/cron/parser.go:129.2,130.44 2 10
github.com/livinlefevreloca/itinerary/internal/cron/parser.go:130.44,132.3 1 74
github.com/livinlefevreloca/itinerary/internal/cron/parser.go:134.2,134.20 1 10
github.com/livinlefevreloca/itinerary/internal/cron/parser.go:138.59,142.29 3 11
github.com/livinlefevreloca/itinerary/internal/cron/parser.go:142.29,144.17 2 26
github.com/livinlefevreloca/itinerary/internal/cron/parser.go:144.17,146.4 1 3
github.com/livinlefevreloca/itinerary/internal/cron/parser.go:149.3,151.34 3 23
github.com/livinlefevreloca/itinerary/internal/cron/parser.go:151.34,153.4 1 0
github.com/livinlefevreloca/itinerary/internal/cron/parser.go:153.9,155.4 1 23
github.com/livinlefevreloca/itinerary/internal/cron/parser.go:156.3,156.17 1 23
github.com/livinlefevreloca/itinerary/internal/cron/parser.go:156.17,158.4 1 0
github.com/livinlefevreloca/itinerary/internal/cron/parser.go:160.3,160.35 1 23
github.com/livinlefevreloca/itinerary/internal/cron/parser.go:164.2,165.33 2 8
github.com/livinlefevreloca/itinerary/internal/cron/parser.go:169.60,171.21 2 14
github.com/livinlefevreloca/itinerary/internal/cron/parser.go:171.21,173.3 1 0
github.com/livinlefevreloca/itinerary/internal/cron/parser.go:175.2,176.16 2 14
github.com/livinlefevreloca/itinerary/internal/cron/parser.go:176.16,178.3 1 1
github.com/livinlefevreloca/itinerary/internal/cron/parser.go:180.2,181.16 2 13
github.com/livinlefevreloca/itinerary/internal/cron/parser.go:181.16,183.3 1 0
github.com/livinlefevreloca/itinerary/internal/cron/parser.go:185.2,185.32 1 13
github.com/livinlefevreloca/itinerary/internal/cron/parser.go:185.32,187.3 1 0
github.com/livinlefevreloca/itinerary/internal/cron/parser.go:189.2,189.28 1 13
github.com/livinlefevreloca/itinerary/internal/cron/parser.go:189.28,191.3 1 0
github.com/livinlefevreloca/itinerary/internal/cron/parser.go:193.2,193.17 1 13
github.com/livinlefevreloca/itinerary/internal/cron/parser.go:193.17,195.3 1 1
github.com/livinlefevreloca/itinerary/internal/cron/parser.go:197.2,197.37 1 12
github.com/livinlefevreloca/itinerary/internal/cron/parser.go:201.61,203.16 2 168
github.com/livinlefevreloca/itinerary/internal/cron/parser.go:203.16,205.3 1 1
github.com/livinlefevreloca/itinerary/internal/cron/parser.go:207.2,207.28 1 167
github.com/livinlefevreloca/itinerary/internal/cron/parser.go:207.28,209.3 1 7
github.com/livinlefevreloca/itinerary/internal/cron/parser.go:211.2,211.24 1 160
github.com/livinlefevreloca/itinerary/internal/cron/parser.go:215.36,216.20 1 8
github.com/livinlefevreloca/itinerary/internal/cron/parser.go:216.20,218.3 1 0
github.com/livinlefevreloca/itinerary/internal/cron/parser.go:220.2,221.33 2 8
github.com/livinlefevreloca/itinerary/internal/cron/parser.go:221.33,222.27 1 12
github.com/livinlefevreloca/itinerary/internal/cron/parser.go:222.27,224.4 1 12
github.com/livinlefevreloca/itinerary/internal/cron/parser.go:226.2,226.15 1 8
github.com/livinlefevreloca/itinerary/internal/cron/parser.go:231.63,233.31 1 67
github.com/livinlefevreloca/itinerary/internal/cron/parser.go:233.31,235.35 2 67
github.com/livinlefevreloca/itinerary/internal/cron/parser.go:235.35,236.21 1 67
github.com/livinlefevreloca/itinerary/internal/cron/parser.go:236.21,239.5 1 61
github.com/livinlefevreloca/itinerary/internal/cron/parser.go:243.2,243.115 1 6
github.com/livinlefevreloca/itinerary/internal/cron/parser.go:247.33,248.15 1 10333
github.com/livinlefevreloca/itinerary/internal/cron/parser.go:249.9,250.12 1 11
github.com/livinlefevreloca/itinerary/internal/cron/parser.go:251.19,252.12 1 23
github.com/livinlefevreloca/itinerary/internal/cron/parser.go:253.10,254.12 1 10299
github.com/livinlefevreloca/itinerary/internal/cron/parser.go:259.32,261.2 1 2
github.com/livinlefevreloca/itinerary/internal/cron/parser.go:264.45,265.29 1 10268
github.com/livinlefevreloca/itinerary/internal/cron/parser.go:265.29,267.3 1 2
github.com/livinlefevreloca/itinerary/internal/cron/parser.go:268.2,268.34 1 10266
github.com/livinlefevreloca/itinerary/internal/config/config.go:44.30,73.2 1 11
github.com/livinlefevreloca/itinerary/internal/config/config.go:76.49,81.49 2 2
github.com/livinlefevreloca/itinerary/internal/config/config.go:81.49,83.3 1 1
github.com/livinlefevreloca/itinerary/internal/config/config.go:86.2,86.57 1 1
github.com/livinlefevreloca/itinerary/internal/config/config.go:86.57,88.3 1 0
github.com/livinlefevreloca/itinerary/internal/config/config.go:90.2,90.20 1 1
github.com/livinlefevreloca/itinerary/internal/config/config.go:98.53,103.22 2 1
github.com/livinlefevreloca/itinerary/internal/config/config.go:103.22,105.3 1 1
github.com/livinlefevreloca/itinerary/internal/config/config.go:108.2,109.16 2 0
github.com/livinlefevreloca/itinerary/internal/config/config.go:109.16,111.3 1 0
github.com/livinlefevreloca/itinerary/internal/config/config.go:113.2,113.24 1 0
github.com/livinlefevreloca/itinerary/internal/config/config.go:117.35,119.29 1 7
github.com/livinlefevreloca/itinerary/internal/config/config.go:119.29,121.3 1 1
github.com/livinlefevreloca/itinerary/internal/config/config.go:122.2,122.103 1 6
github.com/livinlefevreloca/itinerary/internal/config/config.go:122.103,124.3 1 1
github.com/livinlefevreloca/itinerary/internal/config/config.go:125.2,125.26 1 5
github.com/livinlefevreloca/itinerary/internal/config/config.go:125.26,127.3 1 1
github.com/livinlefevreloca/itinerary/internal/config/config.go:130.2,130.35 1 4
github.com/livinlefevreloca/itinerary/internal/config/config.go:130.35,132.3 1 1
github.com/livinlefevreloca/itinerary/internal/config/config.go:133.2,133.43 1 3
github.com/livinlefevreloca/itinerary/internal/config/config.go:133.43,135.3 1 0
github.com/livinlefevreloca/itinerary/internal/config/config.go:136.2,136.42 1 3
github.com/livinlefevreloca/itinerary/internal/config/config.go:136.42,138.3 1 0
github.com/livinlefevreloca/itinerary/internal/config/config.go:139.2,139.38 1 3
github.com/livinlefevreloca/itinerary/internal/config/config.go:139.38,141.3 1 0
github.com/livinlefevreloca/itinerary/internal/config/config.go:142.2,142.38 1 3
github.com/livinlefevreloca/itinerary/internal/config/config.go:142.38,144.3 1 0
github.com/livinlefevreloca/itinerary/internal/config/config.go:147.2,147.39 1 3
github.com/livinlefevreloca/itinerary/internal/config/config.go:147.39,149.3 1 0
github.com/livinlefevreloca/itinerary/internal/config/config.go:152.2,152.20 1 3
github.com/livinlefevreloca/itinerary/internal/config/config.go:152.20,153.46 1 3
github.com/livinlefevreloca/itinerary/internal/config/config.go:153.46,155.4 1 1
github.com/livinlefevreloca/itinerary/internal/config/config.go:159.2,159.23 1 2
github.com/livinlefevreloca/itinerary/internal/config/config.go:159.23,160.52 1 2
github.com/livinlefevreloca/itinerary/internal/config/config.go:160.52,162.4 1 0
github.com/livinlefevreloca/itinerary/internal/config/config.go:166.2,167.35 2 2
github.com/livinlefevreloca/itinerary/internal/config/config.go:167.35,169.3 1 1
github.com/livinlefevreloca/itinerary/internal/config/config.go:171.2,171.12 1 1
github.com/livinlefevreloca/itinerary/internal/db/db.go:42.44,44.16 2 40
github.com/livinlefevreloca/itinerary/internal/db/db.go:44.16,46.3 1 1
github.com/livinlefevreloca/itinerary/internal/db/db.go:49.2,49.34 1 39
github.com/livinlefevreloca/itinerary/internal/db/db.go:49.34,52.3 2 0
github.com/livinlefevreloca/itinerary/internal/db/db.go:55.2,55.25 1 39
github.com/livinlefevreloca/itinerary/internal/db/db.go:55.25,56.64 1 39
github.com/livinlefevreloca/itinerary/internal/db/db.go:56.64,59.4 2 0
github.com/livinlefevreloca/itinerary/internal/db/db.go:62.2,65.8 1 39
github.com/livinlefevreloca/itinerary/internal/db/db.go:69.49,71.16 2 1
github.com/livinlefevreloca/itinerary/internal/db/db.go:71.16,73.3 1 0
github.com/livinlefevreloca/itinerary/internal/db/db.go:76.2,76.29 1 1
github.com/livinlefevreloca/itinerary/internal/db/db.go:76.29,78.3 1 1
github.com/livinlefevreloca/itinerary/internal/db/db.go:79.2,79.29 1 1
github.com/livinlefevreloca/itinerary/internal/db/db.go:79.29,81.3 1 1
github.com/livinlefevreloca/itinerary/internal/db/db.go:82.2,82.32 1 1
github.com/livinlefevreloca/itinerary/internal/db/db.go:82.32,84.3 1 1
github.com/livinlefevreloca/itinerary/internal/db/db.go:85.2,85.32 1 1
github.com/livinlefevreloca/itinerary/internal/db/db.go:85.32,87.3 1 1
github.com/livinlefevreloca/itinerary/internal/db/db.go:89.2,89.16 1 1
github.com/livinlefevreloca/itinerary/internal/db/db.go:93.31,95.2 1 2
github.com/livinlefevreloca/itinerary/internal/db/db.go:98.36,100.16 2 4
github.com/livinlefevreloca/itinerary/internal/db/db.go:100.16,102.3 1 0
github.com/livinlefevreloca/itinerary/internal/db/db.go:104.2,107.8 1 4
github.com/livinlefevreloca/itinerary/internal/db/db.go:112.57,114.16 2 2
github.com/livinlefevreloca/itinerary/internal/db/db.go:114.16,116.3 1 0
github.com/livinlefevreloca/itinerary/internal/db/db.go:119.2,119.15 1 2
github.com/livinlefevreloca/itinerary/internal/db/db.go:119.15,120.31 1 2
github.com/livinlefevreloca/itinerary/internal/db/db.go:120.31,122.12 2 0
github.com/livinlefevreloca/itinerary/internal/db/db.go:126.2,126.31 1 2
github.com/livinlefevreloca/itinerary/internal/db/db.go:126.31,129.3 2 1
github.com/livinlefevreloca/itinerary/internal/db/db.go:131.2,131.20 1 1
github.com/livinlefevreloca/itinerary/internal/db/db.go:137.33,139.2 1 7
github.com/livinlefevreloca/itinerary/internal/db/db.go:142.34,143.34 1 3
github.com/livinlefevreloca/itinerary/internal/db/db.go:143.34,145.3 1 0
github.com/livinlefevreloca/itinerary/internal/db/db.go:148.2,151.46 2 3
github.com/livinlefevreloca/itinerary/internal/db/db.go:155.35,156.16 1 2
github.com/livinlefevreloca/itinerary/internal/db/db.go:156.16,158.3 1 0
github.com/livinlefevreloca/itinerary/internal/db/db.go:160.2,160.35 1 2
github.com/livinlefevreloca/itinerary/internal/db/db.go:160.35,162.3 1 0
github.com/livinlefevreloca/itinerary/internal/db/db.go:165.2,168.62 2 2
github.com/livinlefevreloca/itinerary/internal/db/jobs.go:13.41,25.2 6 36
github.com/livinlefevreloca/itinerary/internal/db/jobs.go:28.41,40.2 6 4
github.com/livinlefevreloca/itinerary/internal/db/jobs.go:43.47,61.26 4 10
github.com/livinlefevreloca/itinerary/internal/db/jobs.go:61.26,63.3 1 5
github.com/livinlefevreloca/itinerary/internal/db/jobs.go:65.2,65.16 1 5
github.com/livinlefevreloca/itinerary/internal/db/jobs.go:65.16,67.3 1 0
github.com/livinlefevreloca/itinerary/internal/db/jobs.go:69.2,69.17 1 5
github.com/livinlefevreloca/itinerary/internal/db/jobs.go:73.43,81.16 3 2
github.com/livinlefevreloca/itinerary/internal/db/jobs.go:81.16,83.3 1 0
github.com/livinlefevreloca/itinerary/internal/db/jobs.go:84.2,87.18 3 2
github.com/livinlefevreloca/itinerary/internal/db/jobs.go:87.18,97.17 3 3
github.com/livinlefevreloca/itinerary/internal/db/jobs.go:97.17,99.4 1 0
github.com/livinlefevreloca/itinerary/internal/db/jobs.go:100.3,100.27 1 3
github.com/livinlefevreloca/itinerary/internal/db/jobs.go:103.2,103.34 1 2
github.com/livinlefevreloca/itinerary/internal/db/jobs.go:103.34,105.3 1 0
github.com/livinlefevreloca/itinerary/internal/db/jobs.go:108.2,108.17 1 2
github.com/livinlefevreloca/itinerary/internal/db/jobs.go:108.17,110.3 1 1
github.com/livinlefevreloca/itinerary/internal/db/jobs.go:112.2,112.18 1 2
github.com/livinlefevreloca/itinerary/internal/db/jobs.go:116.41,126.16 4 3
github.com/livinlefevreloca/itinerary/internal/db/jobs.go:126.16,128.3 1 0
github.com/livinlefevreloca/itinerary/internal/db/jobs.go:130.2,131.16 2 3
github.com/livinlefevreloca/itinerary/internal/db/jobs.go:131.16,133.3 1 0
github.com/livinlefevreloca/itinerary/internal/db/jobs.go:135.2,135.15 1 3
github.com/livinlefevreloca/itinerary/internal/db/jobs.go:135.15,137.3 1 1
github.com/livinlefevreloca/itinerary/internal/db/jobs.go:139.2,139.12 1 2
github.com/livinlefevreloca/itinerary/internal/db/jobs.go:143.42,147.16 3 4
github.com/livinlefevreloca/itinerary/internal/db/jobs.go:147.16,149.3 1 0
github.com/livinlefevreloca/itinerary/internal/db/jobs.go:151.2,152.16 2 4
github.com/livinlefevreloca/itinerary/internal/db/jobs.go:152.16,154.3 1 0
github.com/livinlefevreloca/itinerary/internal/db/jobs.go:156.2,156.15 1 4
github.com/livinlefevreloca/itinerary/internal/db/jobs.go:156.15,158.3 1 1
github.com/livinlefevreloca/itinerary/internal/db/jobs.go:160.2,160.12 1 3
github.com/livinlefevreloca/itinerary/internal/db/jobs.go:168.66,174.26 4 0
github.com/livinlefevreloca/itinerary/internal/db/jobs.go:174.26,176.3 1 0
github.com/livinlefevreloca/itinerary/internal/db/jobs.go:178.2,178.16 1 0
github.com/livinlefevreloca/itinerary/internal/db/jobs.go:178.16,180.3 1 0
github.com/livinlefevreloca/itinerary/internal/db/jobs.go:182.2,182.16 1 0
github.com/livinlefevreloca/itinerary/internal/db/jobs.go:186.65,190.16 3 0
github.com/livinlefevreloca/itinerary/internal/db/jobs.go:190.16,192.3 1 0
github.com/livinlefevreloca/itinerary/internal/db/jobs.go:193.2,196.18 3 0
github.com/livinlefevreloca/itinerary/internal/db/jobs.go:196.18,198.53 2 0
github.com/livinlefevreloca/itinerary/internal/db/jobs.go:198.53,200.4 1 0
github.com/livinlefevreloca/itinerary/internal/db/jobs.go:201.3,201.28 1 0
github.com/livinlefevreloca/itinerary/internal/db/jobs.go:204.2,204.34 1 0
github.com/livinlefevreloca/itinerary/internal/db/jobs.go:204.34,206.3 1 0
github.com/livinlefevreloca/itinerary/internal/db/jobs.go:208.2,208.18 1 0
github.com/livinlefevreloca/itinerary/internal/db/jobs.go:208.18,210.3 1 0
github.com/livinlefevreloca/itinerary/internal/db/jobs.go:212.2,212.19 1 0
github.com/livinlefevreloca/itinerary/internal/db/jobs.go:220.58,226.26 4 0
github.com/livinlefevreloca/itinerary/internal/db/jobs.go:226.26,228.3 1 0
github.com/livinlefevreloca/itinerary/internal/db/jobs.go:230.2,230.16 1 0
github.com/livinlefevreloca/itinerary/internal/db/jobs.go:230.16,232.3 1 0
github.com/livinlefevreloca/itinerary/internal/db/jobs.go:234.2,234.16 1 0
github.com/livinlefevreloca/itinerary/internal/db/jobs.go:238.57,242.16 3 0
github.com/livinlefevreloca/itinerary/internal/db/jobs.go:242.16,244.3 1 0
github.com/livinlefevreloca/itinerary/internal/db/jobs.go:245.2,248.18 3 0
github.com/livinlefevreloca/itinerary/internal/db/jobs.go:248.18,250.53 2 0
github.com/livinlefevreloca/itinerary/internal/db/jobs.go:250.53,252.4 1 0
github.com/livinlefevreloca/itinerary/internal/db/jobs.go:253.3,253.28 1 0
github.com/livinlefevreloca/itinerary/internal/db/jobs.go:256.2,256.34 1 0
github.com/livinlefevreloca/itinerary/internal/db/jobs.go:256.34,258.3 1 0
github.com/livinlefevreloca/itinerary/internal/db/jobs.go:260.2,260.18 1 0
github.com/livinlefevreloca/itinerary/internal/db/jobs.go:260.18,262.3 1 0
github.com/livinlefevreloca/itinerary/internal/db/jobs.go:264.2,264.19 1 0
github.com/livinlefevreloca/itinerary/internal/db/jobs.go:272.62,289.2 5 4
github.com/livinlefevreloca/itinerary/internal/db/jobs.go:292.61,305.26 4 0
github.com/livinlefevreloca/itinerary/internal/db/jobs.go:305.26,307.3 1 0
github.com/livinlefevreloca/itinerary/internal/db/jobs.go:309.2,309.16 1 0
github.com/livinlefevreloca/itinerary/internal/db/jobs.go:309.16,311.3 1 0
github.com/livinlefevreloca/itinerary/internal/db/jobs.go:313.2,313.24 1 0
github.com/livinlefevreloca/itinerary/internal/db/jobs.go:317.71,326.16 3 0
github.com/livinlefevreloca/itinerary/internal/db/jobs.go:326.16,328.3 1 0
github.com/livinlefevreloca/itinerary/internal/db/jobs.go:329.2,332.18 3 0
github.com/livinlefevreloca/itinerary/internal/db/jobs.go:332.18,335.17 3 0
github.com/livinlefevreloca/itinerary/internal/db/jobs.go:335.17,337.4 1 0
github.com/livinlefevreloca/itinerary/internal/db/jobs.go:338.3,338.39 1 0
github.com/livinlefevreloca/itinerary/internal/db/jobs.go:341.2,341.34 1 0
github.com/livinlefevreloca/itinerary/internal/db/jobs.go:341.34,343.3 1 0
github.com/livinlefevreloca/itinerary/internal/db/jobs.go:345.2,345.24 1 0
github.com/livinlefevreloca/itinerary/internal/db/jobs.go:345.24,347.3 1 0
github.com/livinlefevreloca/itinerary/internal/db/jobs.go:349.2,349.25 1 0
github.com/livinlefevreloca/itinerary/internal/db/jobs.go:353.49,357.16 3 0
github.com/livinlefevreloca/itinerary/internal/db/jobs.go:357.16,359.3 1 0
github.com/livinlefevreloca/itinerary/internal/db/jobs.go:361.2,362.16 2 0
github.com/livinlefevreloca/itinerary/internal/db/jobs.go:362.16,364.3 1 0
github.com/livinlefevreloca/itinerary/internal/db/jobs.go:366.2,366.15 1 0
github.com/livinlefevreloca/itinerary/internal/db/jobs.go:366.15,368.3 1 0
github.com/livinlefevreloca/itinerary/internal/db/jobs.go:370.2,370.12 1 0
github.com/livinlefevreloca/itinerary/internal/db/jobs.go:378.50,396.2 5 0
github.com/livinlefevreloca/itinerary/internal/db/jobs.go:399.53,413.26 4 0
github.com/livinlefevreloca/itinerary/internal/db/jobs.go:413.26,415.3 1 0
github.com/livinlefevreloca/itinerary/internal/db/jobs.go:417.2,417.16 1 0
github.com/livinlefevreloca/itinerary/internal/db/jobs.go:417.16,419.3 1 0
github.com/livinlefevreloca/itinerary/internal/db/jobs.go:421.2,421.20 1 0
github.com/livinlefevreloca/itinerary/internal/db/jobs.go:425.77,434.16 3 0
github.com/livinlefevreloca/itinerary/internal/db/jobs.go:434.16,436.3 1 0
github.com/livinlefevreloca/itinerary/internal/db/jobs.go:437.2,440.18 3 0
github.com/livinlefevreloca/itinerary/internal/db/jobs.go:440.18,443.17 3 0
github.com/livinlefevreloca/itinerary/internal/db/jobs.go:443.17,445.4 1 0
github.com/livinlefevreloca/itinerary/internal/db/jobs.go:446.3,446.31 1 0
github.com/livinlefevreloca/itinerary/internal/db/jobs.go:449.2,449.34 1 0
github.com/livinlefevreloca/itinerary/internal/db/jobs.go:449.34,451.3 1 0
github.com/livinlefevreloca/itinerary/internal/db/jobs.go:453.2,453.20 1 0
github.com/livinlefevreloca/itinerary/internal/db/jobs.go:453.20,455.3 1 0
github.com/livinlefevreloca/itinerary/internal/db/jobs.go:457.2,457.21 1 0
github.com/livinlefevreloca/itinerary/internal/db/jobs.go:461.45,465.16 3 0
github.com/livinlefevreloca/itinerary/internal/db/jobs.go:465.16,467.3 1 0
github.com/livinlefevreloca/itinerary/internal/db/jobs.go:469.2,470.16 2 0
github.com/livinlefevreloca/itinerary/internal/db/jobs.go:470.16,472.3 1 0
github.com/livinlefevreloca/itinerary/internal/db/jobs.go:474.2,474.15 1 0
github.com/livinlefevreloca/itinerary/internal/db/jobs.go:474.15,476.3 1 0
github.com/livinlefevreloca/itinerary/internal/db/jobs.go:478.2,478.12 1 0
github.com/livinlefevreloca/itinerary/internal/db/jobs.go:486.71,504.2 3 5
github.com/livinlefevreloca/itinerary/internal/db/jobs.go:507.72,516.16 3 1
github.com/livinlefevreloca/itinerary/internal/db/jobs.go:516.16,518.3 1 0
github.com/livinlefevreloca/itinerary/internal/db/jobs.go:519.2,522.18 3 1
github.com/livinlefevreloca/itinerary/internal/db/jobs.go:522.18,535.17 3 2
github.com/livinlefevreloca/itinerary/internal/db/jobs.go:535.17,537.4 1 0
github.com/livinlefevreloca/itinerary/internal/db/jobs.go:538.3,538.46 1 2
github.com/livinlefevreloca/itinerary/internal/db/jobs.go:541.2,541.34 1 1
github.com/livinlefevreloca/itinerary/internal/db/jobs.go:541.34,543.3 1 0
github.com/livinlefevreloca/itinerary/internal/db/jobs.go:545.2,545.27 1 1
github.com/livinlefevreloca/itinerary/internal/db/jobs.go:545.27,547.3 1 0
github.com/livinlefevreloca/itinerary/internal/db/jobs.go:549.2,549.28 1 1
github.com/livinlefevreloca/itinerary/internal/db/jobs.go:553.102,563.16 3 1
github.com/livinlefevreloca/itinerary/internal/db/jobs.go:563.16,565.3 1 0
github.com/livinlefevreloca/itinerary/internal/db/jobs.go:566.2,569.18 3 1
github.com/livinlefevreloca/itinerary/internal/db/jobs.go:569.18,582.17 3 2
github.com/livinlefevreloca/itinerary/internal/db/jobs.go:582.17,584.4 1 0
github.com/livinlefevreloca/itinerary/internal/db/jobs.go:585.3,585.46 1 2
github.com/livinlefevreloca/itinerary/internal/db/jobs.go:588.2,588.34 1 1
github.com/livinlefevreloca/itinerary/internal/db/jobs.go:588.34,590.3 1 0
github.com/livinlefevreloca/itinerary/internal/db/jobs.go:592.2,592.27 1 1
github.com/livinlefevreloca/itinerary/internal/db/jobs.go:592.27,594.3 1 0
github.com/livinlefevreloca/itinerary/internal/db/jobs.go:596.2,596.28 1 1
github.com/livinlefevreloca/itinerary/internal/db/jobs.go:603.59,620.2 3 0
github.com/livinlefevreloca/itinerary/internal/db/jobs.go:623.64,632.16 3 0
github.com/livinlefevreloca/itinerary/internal/db/jobs.go:632.16,634.3 1 0
github.com/livinlefevreloca/itinerary/internal/db/jobs.go:635.2,638.18 3 0
github.com/livinlefevreloca/itinerary/internal/db/jobs.go:638.18,650.17 3 0
github.com/livinlefevreloca/itinerary/internal/db/jobs.go:650.17,652.4 1 0
github.com/livinlefevreloca/itinerary/internal/db/jobs.go:653.3,653.38 1 0
github.com/livinlefevreloca/itinerary/internal/db/jobs.go:656.2,656.34 1 0
github.com/livinlefevreloca/itinerary/internal/db/jobs.go:656.34,658.3 1 0
github.com/livinlefevreloca/itinerary/internal/db/jobs.go:660.2,660.23 1 0
github.com/livinlefevreloca/itinerary/internal/db/jobs.go:660.23,662.3 1 0
github.com/livinlefevreloca/itinerary/internal/db/jobs.go:664.2,664.24 1 0
github.com/livinlefevreloca/itinerary/internal/db/jobs.go:668.86,678.16 3 0
github.com/livinlefevreloca/itinerary/internal/db/jobs.go:678.16,680.3 1 0
github.com/livinlefevreloca/itinerary/internal/db/jobs.go:681.2,684.18 3 0
github.com/livinlefevreloca/itinerary/internal/db/jobs.go:684.18,696.17 3 0
github.com/livinlefevreloca/itinerary/internal/db/jobs.go:696.17,698.4 1 0
github.com/livinlefevreloca/itinerary/internal/db/jobs.go:699.3,699.38 1 0
github.com/livinlefevreloca/itinerary/internal/db/jobs.go:702.2,702.34 1 0
github.com/livinlefevreloca/itinerary/internal/db/jobs.go:702.34,704.3 1 0
github.com/livinlefevreloca/itinerary/internal/db/jobs.go:706.2,706.23 1 0
github.com/livinlefevreloca/itinerary/internal/db/jobs.go:706.23,708.3 1 0
github.com/livinlefevreloca/itinerary/internal/db/jobs.go:710.2,710.24 1 0
github.com/livinlefevreloca/itinerary/internal/db/runs.go:9.47,28.2 3 30
github.com/livinlefevreloca/itinerary/internal/db/runs.go:31.79,52.26 4 1
github.com/livinlefevreloca/itinerary/internal/db/runs.go:52.26,54.3 1 0
github.com/livinlefevreloca/itinerary/internal/db/runs.go:56.2,56.16 1 1
github.com/livinlefevreloca/itinerary/internal/db/runs.go:56.16,58.3 1 0
github.com/livinlefevreloca/itinerary/internal/db/runs.go:60.2,60.17 1 1
github.com/livinlefevreloca/itinerary/internal/db/runs.go:64.63,85.26 4 4
github.com/livinlefevreloca/itinerary/internal/db/runs.go:85.26,87.3 1 0
github.com/livinlefevreloca/itinerary/internal/db/runs.go:89.2,89.16 1 4
github.com/livinlefevreloca/itinerary/internal/db/runs.go:89.16,91.3 1 0
github.com/livinlefevreloca/itinerary/internal/db/runs.go:93.2,93.17 1 4
github.com/livinlefevreloca/itinerary/internal/db/runs.go:97.69,107.16 3 3
github.com/livinlefevreloca/itinerary/internal/db/runs.go:107.16,109.3 1 0
github.com/livinlefevreloca/itinerary/internal/db/runs.go:110.2,113.18 3 3
github.com/livinlefevreloca/itinerary/internal/db/runs.go:113.18,126.17 3 8
github.com/livinlefevreloca/itinerary/internal/db/runs.go:126.17,128.4 1 0
github.com/livinlefevreloca/itinerary/internal/db/runs.go:129.3,129.27 1 8
github.com/livinlefevreloca/itinerary/internal/db/runs.go:132.2,132.34 1 3
github.com/livinlefevreloca/itinerary/internal/db/runs.go:132.34,134.3 1 0
github.com/livinlefevreloca/itinerary/internal/db/runs.go:137.2,137.17 1 3
github.com/livinlefevreloca/itinerary/internal/db/runs.go:137.17,139.3 1 1
github.com/livinlefevreloca/itinerary/internal/db/runs.go:141.2,141.18 1 3
github.com/livinlefevreloca/itinerary/internal/db/runs.go:145.69,153.16 3 1
github.com/livinlefevreloca/itinerary/internal/db/runs.go:153.16,155.3 1 0
github.com/livinlefevreloca/itinerary/internal/db/runs.go:157.2,158.16 2 1
github.com/livinlefevreloca/itinerary/internal/db/runs.go:158.16,160.3 1 0
github.com/livinlefevreloca/itinerary/internal/db/runs.go:162.2,162.15 1 1
github.com/livinlefevreloca/itinerary/internal/db/runs.go:162.15,164.3 1 0
github.com/livinlefevreloca/itinerary/internal/db/runs.go:166.2,166.12 1 1
github.com/livinlefevreloca/itinerary/internal/db/runs.go:170.82,173.14 3 2
github.com/livinlefevreloca/itinerary/internal/db/runs.go:173.14,175.3 1 1
github.com/livinlefevreloca/itinerary/internal/db/runs.go:177.2,184.16 3 2
github.com/livinlefevreloca/itinerary/internal/db/runs.go:184.16,186.3 1 0
github.com/livinlefevreloca/itinerary/internal/db/runs.go:188.2,189.16 2 2
github.com/livinlefevreloca/itinerary/internal/db/runs.go:189.16,191.3 1 0
github.com/livinlefevreloca/itinerary/internal/db/runs.go:193.2,193.15 1 2
github.com/livinlefevreloca/itinerary/internal/db/runs.go:193.15,195.3 1 0
github.com/livinlefevreloca/itinerary/internal/db/runs.go:197.2,197.12 1 2
github.com/livinlefevreloca/itinerary/internal/db/stats.go:6.65,38.2 3 3
github.com/livinlefevreloca/itinerary/internal/db/stats.go:41.89,54.16 3 1
github.com/livinlefevreloca/itinerary/internal/db/stats.go:54.16,56.3 1 0
github.com/livinlefevreloca/itinerary/internal/db/stats.go:57.2,60.18 3 1
github.com/livinlefevreloca/itinerary/internal/db/stats.go:60.18,81.17 3 2
github.com/livinlefevreloca/itinerary/internal/db/stats.go:81.17,83.4 1 0
github.com/livinlefevreloca/itinerary/internal/db/stats.go:84.3,84.27 1 2
github.com/livinlefevreloca/itinerary/internal/db/stats.go:87.2,87.34 1 1
github.com/livinlefevreloca/itinerary/internal/db/stats.go:87.34,89.3 1 0
github.com/livinlefevreloca/itinerary/internal/db/stats.go:91.2,91.18 1 1
github.com/livinlefevreloca/itinerary/internal/db/stats.go:91.18,93.3 1 0
github.com/livinlefevreloca/itinerary/internal/db/stats.go:95.2,95.19 1 1
github.com/livinlefevreloca/itinerary/internal/db/stats.go:98.71,113.2 3 0
github.com/livinlefevreloca/itinerary/internal/db/stats.go:116.59,152.2 3 0
github.com/livinlefevreloca/itinerary/internal/db/stats.go:155.75,187.2 3 0
github.com/livinlefevreloca/itinerary/internal/db/stats.go:190.83,204.16 3 0
github.com/livinlefevreloca/itinerary/internal/db/stats.go:204.16,206.3 1 0
github.com/livinlefevreloca/itinerary/internal/db/stats.go:207.2,210.18 3 0
github.com/livinlefevreloca/itinerary/internal/db/stats.go:210.18,235.17 3 0
github.com/livinlefevreloca/itinerary/internal/db/stats.go:235.17,237.4 1 0
github.com/livinlefevreloca/itinerary/internal/db/stats.go:238.3,238.27 1 0
github.com/livinlefevreloca/itinerary/internal/db/stats.go:241.2,241.34 1 0
github.com/livinlefevreloca/itinerary/internal/db/stats.go:241.34,243.3 1 0
github.com/livinlefevreloca/itinerary/internal/db/stats.go:245.2,245.18 1 0
github.com/livinlefevreloca/itinerary/internal/db/stats.go:245.18,247.3 1 0
github.com/livinlefevreloca/itinerary/internal/db/stats.go:249.2,249.19 1 0
github.com/livinlefevreloca/itinerary/internal/db/stats.go:253.99,266.16 3 0
github.com/livinlefevreloca/itinerary/internal/db/stats.go:266.16,268.3 1 0
github.com/livinlefevreloca/itinerary/internal/db/stats.go:269.2,272.18 3 0
github.com/livinlefevreloca/itinerary/internal/db/stats.go:272.18,294.17 3 0
github.com/livinlefevreloca/itinerary/internal/db/stats.go:294.17,296.4 1 0
github.com/livinlefevreloca/itinerary/internal/db/stats.go:297.3,297.27 1 0
github.com/livinlefevreloca/itinerary/internal/db/stats.go:300.2,300.34 1 0
github.com/livinlefevreloca/itinerary/internal/db/stats.go:300.34,302.3 1 0
github.com/livinlefevreloca/itinerary/internal/db/stats.go:304.2,304.18 1 0
github.com/livinlefevreloca/itinerary/internal/db/stats.go:304.18,306.3 1 0
github.com/livinlefevreloca/itinerary/internal/db/stats.go:308.2,308.19 1 0
github.com/livinlefevreloca/itinerary/internal/actions/actions.go:112.60,120.9 4 3
github.com/livinlefevreloca/itinerary/internal/actions/actions.go:121.17,122.13 1 2
github.com/livinlefevreloca/itinerary/internal/actions/actions.go:123.28,124.27 1 1
github.com/livinlefevreloca/itinerary/internal/actions/actions.go:128.37,130.2 1 2
github.com/livinlefevreloca/itinerary/internal/actions/actions.go:139.62,149.16 4 3
github.com/livinlefevreloca/itinerary/internal/actions/actions.go:149.16,151.3 1 0
github.com/livinlefevreloca/itinerary/internal/actions/actions.go:154.2,155.16 2 3
github.com/livinlefevreloca/itinerary/internal/actions/actions.go:155.16,157.3 1 0
github.com/livinlefevreloca/itinerary/internal/actions/actions.go:159.2,159.69 1 3
github.com/livinlefevreloca/itinerary/internal/actions/actions.go:162.39,164.2 1 2
github.com/livinlefevreloca/itinerary/internal/actions/actions.go:172.58,177.2 2 1
github.com/livinlefevreloca/itinerary/internal/actions/actions.go:179.35,181.2 1 2
github.com/livinlefevreloca/itinerary/internal/actions/actions.go:189.59,195.2 2 1
github.com/livinlefevreloca/itinerary/internal/actions/actions.go:197.36,199.2 1 2
github.com/livinlefevreloca/itinerary/internal/actions/actions.go:206.59,208.2 1 1
github.com/livinlefevreloca/itinerary/internal/actions/actions.go:210.36,212.2 1 2
github.com/livinlefevreloca/itinerary/internal/actions/actions.go:219.60,225.2 2 2
github.com/livinlefevreloca/itinerary/internal/actions/actions.go:227.37,229.2 1 2
github.com/livinlefevreloca/itinerary/internal/actions/actions.go:238.65,244.2 2 1
github.com/livinlefevreloca/itinerary/internal/actions/actions.go:246.42,248.2 1 1
github.com/livinlefevreloca/itinerary/internal/actions/actions.go:260.60,270.16 4 2
github.com/livinlefevreloca/itinerary/internal/actions/actions.go:270.16,272.3 1 0
github.com/livinlefevreloca/itinerary/internal/actions/actions.go:274.2,275.16 2 2
github.com/livinlefevreloca/itinerary/internal/actions/actions.go:275.16,277.3 1 0
github.com/livinlefevreloca/itinerary/internal/actions/actions.go:279.2,280.16 2 2
github.com/livinlefevreloca/itinerary/internal/actions/actions.go:280.16,282.3 1 0
github.com/livinlefevreloca/itinerary/internal/actions/actions.go:284.2,285.16 2 2
github.com/livinlefevreloca/itinerary/internal/actions/actions.go:285.16,287.3 1 0
github.com/livinlefevreloca/itinerary/internal/actions/actions.go:289.2,296.61 2 2
github.com/livinlefevreloca/itinerary/internal/actions/actions.go:299.37,301.2 1 2
github.com/livinlefevreloca/itinerary/internal/actions/actions.go:313.64,323.16 4 1
github.com/livinlefevreloca/itinerary/internal/actions/actions.go:323.16,325.3 1 0
github.com/livinlefevreloca/itinerary/internal/actions/actions.go:327.2,328.16 2 1
github.com/livinlefevreloca/itinerary/internal/actions/actions.go:328.16,330.3 1 0
github.com/livinlefevreloca/itinerary/internal/actions/actions.go:333.2,334.16 2 1
github.com/livinlefevreloca/itinerary/internal/actions/actions.go:334.16,336.3 1 0
github.com/livinlefevreloca/itinerary/internal/actions/actions.go:338.2,349.91 2 1
github.com/livinlefevreloca/itinerary/internal/actions/actions.go:352.41,354.2 1 2
github.com/livinlefevreloca/itinerary/internal/actions/actions.go:362.71,368.2 2 1
github.com/livinlefevreloca/itinerary/internal/actions/actions.go:370.48,372.2 1 1
github.com/livinlefevreloca/itinerary/internal/actions/actions.go:380.73,386.2 2 1
github.com/livinlefevreloca/itinerary/internal/actions/actions.go:388.50,390.2 1 1
github.com/livinlefevreloca/itinerary/internal/actions/actions.go:398.71,404.2 2 1
github.com/livinlefevreloca/itinerary/internal/actions/actions.go:406.48,408.2 1 1
github.com/livinlefevreloca/itinerary/internal/actions/actions.go:417.69,427.16 4 2
github.com/livinlefevreloca/itinerary/internal/actions/actions.go:427.16,429.3 1 0
github.com/livinlefevreloca/itinerary/internal/actions/actions.go:432.2,433.16 2 2
github.com/livinlefevreloca/itinerary/internal/actions/actions.go:433.16,435.3 1 0
github.com/livinlefevreloca/itinerary/internal/actions/actions.go:438.2,439.9 2 2
github.com/livinlefevreloca/itinerary/internal/actions/actions.go:439.9,441.3 1 0
github.com/livinlefevreloca/itinerary/internal/actions/actions.go:443.2,443.71 1 2
github.com/livinlefevreloca/itinerary/internal/actions/actions.go:446.46,448.2 1 1
github.com/livinlefevreloca/itinerary/internal/actions/actions.go:458.61,468.16 4 4
github.com/livinlefevreloca/itinerary/internal/actions/actions.go:468.16,470.3 1 0
github.com/livinlefevreloca/itinerary/internal/actions/actions.go:473.2,474.29 2 4
github.com/livinlefevreloca/itinerary/internal/actions/actions.go:475.15,476.18 1 3
github.com/livinlefevreloca/itinerary/internal/actions/actions.go:477.14,479.17 2 1
github.com/livinlefevreloca/itinerary/internal/actions/actions.go:479.17,481.4 1 0
github.com/livinlefevreloca/itinerary/internal/actions/actions.go:483.3,484.17 2 1
github.com/livinlefevreloca/itinerary/internal/actions/actions.go:484.17,486.4 1 0
github.com/livinlefevreloca/itinerary/internal/actions/actions.go:487.3,487.28 1 1
github.com/livinlefevreloca/itinerary/internal/actions/actions.go:488.10,489.73 1 0
github.com/livinlefevreloca/itinerary/internal/actions/actions.go:493.2,494.33 2 4
github.com/livinlefevreloca/itinerary/internal/actions/actions.go:494.33,496.17 2 3
github.com/livinlefevreloca/itinerary/internal/actions/actions.go:496.17,498.4 1 0
github.com/livinlefevreloca/itinerary/internal/actions/actions.go:499.3,499.36 1 3
github.com/livinlefevreloca/itinerary/internal/actions/actions.go:502.2,502.81 1 4
github.com/livinlefevreloca/itinerary/internal/actions/actions.go:505.38,507.2 1 1
github.com/livinlefevreloca/itinerary/internal/actions/actions.go:511.70,513.16 2 40
github.com/livinlefevreloca/itinerary/internal/actions/actions.go:513.16,515.3 1 1
github.com/livinlefevreloca/itinerary/internal/actions/actions.go:517.2,518.46 2 39
github.com/livinlefevreloca/itinerary/internal/actions/actions.go:518.46,520.3 1 0
github.com/livinlefevreloca/itinerary/internal/actions/actions.go:522.2,522.26 1 39
github.com/livinlefevreloca/itinerary/internal/actions/actions.go:525.82,527.20 1 9
github.com/livinlefevreloca/itinerary/internal/actions/actions.go:527.20,529.3 1 0
github.com/livinlefevreloca/itinerary/internal/actions/actions.go:531.2,531.42 1 9
github.com/livinlefevreloca/itinerary/internal/actions/actions.go:534.85,535.27 1 19
github.com/livinlefevreloca/itinerary/internal/actions/actions.go:536.14,538.33 1 9
github.com/livinlefevreloca/itinerary/internal/actions/actions.go:539.30,542.27 2 10
github.com/livinlefevreloca/itinerary/internal/actions/actions.go:542.27,544.18 2 10
github.com/livinlefevreloca/itinerary/internal/actions/actions.go:544.18,546.5 1 0
github.com/livinlefevreloca/itinerary/internal/actions/actions.go:547.4,547.26 1 10
github.com/livinlefevreloca/itinerary/internal/actions/actions.go:549.3,549.21 1 10
github.com/livinlefevreloca/itinerary/internal/actions/actions.go:550.21,553.25 2 0
github.com/livinlefevreloca/itinerary/internal/actions/actions.go:553.25,555.18 2 0
github.com/livinlefevreloca/itinerary/internal/actions/actions.go:555.18,557.5 1 0
github.com/livinlefevreloca/itinerary/internal/actions/actions.go:558.4,558.24 1 0
github.com/livinlefevreloca/itinerary/internal/actions/actions.go:560.3,560.21 1 0
github.com/livinlefevreloca/itinerary/internal/actions/actions.go:561.10,563.20 1 0
github.com/livinlefevreloca/itinerary/internal/actions/actions.go:567.61,577.2 1 16
github.com/livinlefevreloca/itinerary/internal/actions/actions.go:580.56,581.21 1 26
github.com/livinlefevreloca/itinerary/internal/actions/actions.go:582.15,583.34 1 3
github.com/livinlefevreloca/itinerary/internal/actions/actions.go:584.17,585.36 1 1
github.com/livinlefevreloca/itinerary/internal/actions/actions.go:586.13,587.32 1 1
github.com/livinlefevreloca/itinerary/internal/actions/actions.go:588.14,589.33 1 1
github.com/livinlefevreloca/itinerary/internal/actions/actions.go:590.14,591.40 1 1
github.com/livinlefevreloca/itinerary/internal/actions/actions.go:592.15,593.42 1 1
github.com/livinlefevreloca/itinerary/internal/actions/actions.go:594.21,595.39 1 2
github.com/livinlefevreloca/itinerary/internal/actions/actions.go:596.15,597.34 1 2
github.com/livinlefevreloca/itinerary/internal/actions/actions.go:598.19,599.38 1 2
github.com/livinlefevreloca/itinerary/internal/actions/actions.go:600.28,601.45 1 2
github.com/livinlefevreloca/itinerary/internal/actions/actions.go:602.30,603.47 1 0
github.com/livinlefevreloca/itinerary/internal/actions/actions.go:604.28,605.45 1 0
github.com/livinlefevreloca/itinerary/internal/actions/actions.go:606.25,607.43 1 4
github.com/livinlefevreloca/itinerary/internal/actions/actions.go:608.16,609.35 1 5
github.com/livinlefevreloca/itinerary/internal/actions/actions.go:610.10,611.65 1 1
github.com/livinlefevreloca/itinerary/internal/actions/actions.go:617.66,621.60 2 10
github.com/livinlefevreloca/itinerary/internal/actions/actions.go:621.60,623.3 1 1
github.com/livinlefevreloca/itinerary/internal/actions/actions.go:625.2,626.16 2 9
github.com/livinlefevreloca/itinerary/internal/actions/actions.go:626.16,628.3 1 4
github.com/livinlefevreloca/itinerary/internal/actions/actions.go:630.2,633.8 1 5
github.com/livinlefevreloca/itinerary/internal/actions/actions.go:636.70,641.60 2 2
github.com/livinlefevreloca/itinerary/internal/actions/actions.go:641.60,643.3 1 0
github.com/livinlefevreloca/itinerary/internal/actions/actions.go:645.2,649.8 1 2
github.com/livinlefevreloca/itinerary/internal/actions/actions.go:652.62,656.60 2 1
github.com/livinlefevreloca/itinerary/internal/actions/actions.go:656.60,658.3 1 0
github.com/livinlefevreloca/itinerary/internal/actions/actions.go:660.2,663.8 1 1
github.com/livinlefevreloca/itinerary/internal/actions/actions.go:666.64,670.60 2 1
github.com/livinlefevreloca/itinerary/internal/actions/actions.go:670.60,672.3 1 0
github.com/livinlefevreloca/itinerary/internal/actions/actions.go:674.2,677.8 1 1
github.com/livinlefevreloca/itinerary/internal/actions/actions.go:680.76,685.60 2 2
github.com/livinlefevreloca/itinerary/internal/actions/actions.go:685.60,687.3 1 0
github.com/livinlefevreloca/itinerary/internal/actions/actions.go:689.2,689.21 1 2
github.com/livinlefevreloca/itinerary/internal/actions/actions.go:689.21,691.3 1 1
github.com/livinlefevreloca/itinerary/internal/actions/actions.go:693.2,697.8 1 1
github.com/livinlefevreloca/itinerary/internal/actions/actions.go:700.66,708.60 2 2
github.com/livinlefevreloca/itinerary/internal/actions/actions.go:708.60,710.3 1 0
github.com/livinlefevreloca/itinerary/internal/actions/actions.go:712.2,712.26 1 2
github.com/livinlefevreloca/itinerary/internal/actions/actions.go:712.26,714.3 1 1
github.com/livinlefevreloca/itinerary/internal/actions/actions.go:716.2,723.8 1 1
github.com/livinlefevreloca/itinerary/internal/actions/actions.go:726.74,734.60 2 2
github.com/livinlefevreloca/itinerary/internal/actions/actions.go:734.60,736.3 1 0
github.com/livinlefevreloca/itinerary/internal/actions/actions.go:738.2,738.26 1 2
github.com/livinlefevreloca/itinerary/internal/actions/actions.go:738.26,740.3 1 1
github.com/livinlefevreloca/itinerary/internal/actions/actions.go:742.2,749.8 1 1
github.com/livinlefevreloca/itinerary/internal/actions/actions.go:752.88,756.60 2 2
github.com/livinlefevreloca/itinerary/internal/actions/actions.go:756.60,758.3 1 0
github.com/livinlefevreloca/itinerary/internal/actions/actions.go:760.2,760.21 1 2
github.com/livinlefevreloca/itinerary/internal/actions/actions.go:760.21,762.3 1 1
github.com/livinlefevreloca/itinerary/internal/actions/actions.go:764.2,767.8 1 1
github.com/livinlefevreloca/itinerary/internal/actions/actions.go:770.92,774.60 2 0
github.com/livinlefevreloca/itinerary/internal/actions/actions.go:774.60,776.3 1 0
github.com/livinlefevreloca/itinerary/internal/actions/actions.go:778.2,778.21 1 0
github.com/livinlefevreloca/itinerary/internal/actions/actions.go:778.21,780.3 1 0
github.com/livinlefevreloca/itinerary/internal/actions/actions.go:782.2,785.8 1 0
github.com/livinlefevreloca/itinerary/internal/actions/actions.go:788.88,792.60 2 0
github.com/livinlefevreloca/itinerary/internal/actions/actions.go:792.60,794.3 1 0
github.com/livinlefevreloca/itinerary/internal/actions/actions.go:796.2,796.21 1 0
github.com/livinlefevreloca/itinerary/internal/actions/actions.go:796.21,798.3 1 0
github.com/livinlefevreloca/itinerary/internal/actions/actions.go:800.2,803.8 1 0
github.com/livinlefevreloca/itinerary/internal/actions/actions.go:806.84,811.60 2 4
github.com/livinlefevreloca/itinerary/internal/actions/actions.go:811.60,813.3 1 0
github.com/livinlefevreloca/itinerary/internal/actions/actions.go:815.2,815.21 1 4
github.com/livinlefevreloca/itinerary/internal/actions/actions.go:815.21,817.3 1 1
github.com/livinlefevreloca/itinerary/internal/actions/actions.go:819.2,819.51 1 3
github.com/livinlefevreloca/itinerary/internal/actions/actions.go:819.51,821.3 1 2
github.com/livinlefevreloca/itinerary/internal/actions/actions.go:823.2,827.8 1 1
github.com/livinlefevreloca/itinerary/internal/actions/actions.go:830.68,836.60 2 8
github.com/livinlefevreloca/itinerary/internal/actions/actions.go:836.60,838.3 1 0
github.com/livinlefevreloca/itinerary/internal/actions/actions.go:840.2,840.20 1 8
github.com/livinlefevreloca/itinerary/internal/actions/actions.go:840.20,842.3 1 1
github.com/livinlefevreloca/itinerary/internal/actions/actions.go:844.2,844.22 1 7
github.com/livinlefevreloca/itinerary/internal/actions/actions.go:844.22,846.3 1 1
github.com/livinlefevreloca/itinerary/internal/actions/actions.go:849.2,849.31 1 6
github.com/livinlefevreloca/itinerary/internal/actions/actions.go:850.15,850.15 0 3
github.com/livinlefevreloca/itinerary/internal/actions/actions.go:852.14,852.14 0 2
github.com/livinlefevreloca/itinerary/internal/actions/actions.go:854.10,855.77 1 1
github.com/livinlefevreloca/itinerary/internal/actions/actions.go:858.2,858.21 1 5
github.com/livinlefevreloca/itinerary/internal/actions/actions.go:858.21,860.3 1 4
github.com/livinlefevreloca/itinerary/internal/actions/actions.go:862.2,867.8 1 5
github.com/livinlefevreloca/itinerary/internal/actions/testhelpers.go:25.60,42.2 1 28
github.com/livinlefevreloca/itinerary/internal/actions/testhelpers.go:44.78,47.2 2 6
github.com/livinlefevreloca/itinerary/internal/actions/testhelpers.go:49.84,52.2 2 4
github.com/livinlefevreloca/itinerary/internal/actions/testhelpers.go:54.88,57.2 2 1
github.com/livinlefevreloca/itinerary/internal/actions/testhelpers.go:59.84,62.2 2 2
github.com/livinlefevreloca/itinerary/internal/actions/testhelpers.go:64.97,67.2 2 4
github.com/livinlefevreloca/itinerary/internal/actions/testhelpers.go:69.102,72.2 2 6
github.com/livinlefevreloca/itinerary/internal/actions/testhelpers.go:74.104,77.2 2 6
github.com/livinlefevreloca/itinerary/internal/actions/testhelpers.go:79.105,82.2 2 2
github.com/livinlefevreloca/itinerary/internal/actions/testhelpers.go:84.104,87.2 2 4
github.com/livinlefevreloca/itinerary/internal/actions/testhelpers.go:89.92,92.2 2 0
github.com/livinlefevreloca/itinerary/internal/actions/testhelpers.go:94.93,97.2 2 1
github.com/livinlefevreloca/itinerary/internal/actions/testhelpers.go:99.61,113.2 1 28
github.com/livinlefevreloca/itinerary/internal/constraints/always_fail.go:11.105,17.2 1 10
github.com/livinlefevreloca/itinerary/internal/constraints/always_fail.go:19.87,21.2 1 8
github.com/livinlefevreloca/itinerary/internal/constraints/always_fail.go:23.46,25.2 1 1
github.com/livinlefevreloca/itinerary/internal/constraints/always_fail.go:27.69,29.2 1 6
github.com/livinlefevreloca/itinerary/internal/constraints/always_fail.go:31.60,33.2 1 2
github.com/livinlefevreloca/itinerary/internal/constraints/always_pass.go:11.105,17.2 1 26
github.com/livinlefevreloca/itinerary/internal/constraints/always_pass.go:19.87,21.2 1 14
github.com/livinlefevreloca/itinerary/internal/constraints/always_pass.go:23.46,25.2 1 1
github.com/livinlefevreloca/itinerary/internal/constraints/always_pass.go:27.69,29.2 1 19
github.com/livinlefevreloca/itinerary/internal/constraints/always_pass.go:31.60,33.2 1 2
github.com/livinlefevreloca/itinerary/internal/constraints/checker.go:26.29,33.2 1 15
github.com/livinlefevreloca/itinerary/internal/constraints/checker.go:35.130,37.2 1 8
github.com/livinlefevreloca/itinerary/internal/constraints/checker.go:39.154,41.2 1 3
github.com/livinlefevreloca/itinerary/internal/constraints/checker.go:43.175,45.2 1 3
github.com/livinlefevreloca/itinerary/internal/constraints/checker.go:47.72,48.36 1 3
github.com/livinlefevreloca/itinerary/internal/constraints/checker.go:48.36,49.25 1 4
github.com/livinlefevreloca/itinerary/internal/constraints/checker.go:49.25,51.4 1 1
github.com/livinlefevreloca/itinerary/internal/constraints/checker.go:53.2,53.14 1 2
github.com/livinlefevreloca/itinerary/internal/constraints/checker.go:64.34,70.36 4 14
github.com/livinlefevreloca/itinerary/internal/constraints/checker.go:70.36,72.47 1 23
github.com/livinlefevreloca/itinerary/internal/constraints/checker.go:72.47,73.12 1 7
github.com/livinlefevreloca/itinerary/internal/constraints/checker.go:76.3,77.17 2 16
github.com/livinlefevreloca/itinerary/internal/constraints/checker.go:77.17,79.4 1 0
github.com/livinlefevreloca/itinerary/internal/constraints/checker.go:81.3,83.17 2 16
github.com/livinlefevreloca/itinerary/internal/constraints/checker.go:83.17,85.37 1 13
github.com/livinlefevreloca/itinerary/internal/constraints/checker.go:85.37,86.51 1 11
github.com/livinlefevreloca/itinerary/internal/constraints/checker.go:86.51,91.6 1 0
github.com/livinlefevreloca/itinerary/internal/constraints/checker.go:93.9,97.43 2 3
github.com/livinlefevreloca/itinerary/internal/constraints/checker.go:97.43,98.51 1 5
github.com/livinlefevreloca/itinerary/internal/constraints/checker.go:98.51,103.6 1 0
github.com/livinlefevreloca/itinerary/internal/constraints/checker.go:108.2,111.8 1 14
github.com/livinlefevreloca/itinerary/internal/constraints/checker.go:114.102,116.27 2 23
github.com/livinlefevreloca/itinerary/internal/constraints/checker.go:116.27,117.17 1 25
github.com/livinlefevreloca/itinerary/internal/constraints/checker.go:117.17,119.4 1 16
github.com/livinlefevreloca/itinerary/internal/constraints/checker.go:121.2,121.14 1 7
github.com/livinlefevreloca/itinerary/internal/constraints/checker.go:131.21,143.2 1 14
github.com/livinlefevreloca/itinerary/internal/constraints/http_health_check.go:32.39,34.16 2 14
github.com/livinlefevreloca/itinerary/internal/constraints/http_health_check.go:34.16,36.3 1 0
github.com/livinlefevreloca/itinerary/internal/constraints/http_health_check.go:38.2,39.34 2 14
github.com/livinlefevreloca/itinerary/internal/constraints/http_health_check.go:39.34,41.17 2 1
github.com/livinlefevreloca/itinerary/internal/constraints/http_health_check.go:41.17,43.4 1 0
github.com/livinlefevreloca/itinerary/internal/constraints/http_health_check.go:44.3,44.26 1 1
github.com/livinlefevreloca/itinerary/internal/constraints/http_health_check.go:47.2,48.16 2 14
github.com/livinlefevreloca/itinerary/internal/constraints/http_health_check.go:48.16,50.17 2 0
github.com/livinlefevreloca/itinerary/internal/constraints/http_health_check.go:50.17,52.4 1 0
github.com/livinlefevreloca/itinerary/internal/constraints/http_health_check.go:55.2,63.8 1 14
github.com/livinlefevreloca/itinerary/internal/constraints/http_health_check.go:66.92,75.26 2 13
github.com/livinlefevreloca/itinerary/internal/constraints/http_health_check.go:75.26,77.3 1 2
github.com/livinlefevreloca/itinerary/internal/constraints/http_health_check.go:78.2,78.24 1 13
github.com/livinlefevreloca/itinerary/internal/constraints/http_health_check.go:78.24,80.3 1 1
github.com/livinlefevreloca/itinerary/internal/constraints/http_health_check.go:83.2,84.61 2 13
github.com/livinlefevreloca/itinerary/internal/constraints/http_health_check.go:84.61,86.3 1 0
github.com/livinlefevreloca/itinerary/internal/constraints/http_health_check.go:87.2,91.43 3 13
github.com/livinlefevreloca/itinerary/internal/constraints/http_health_check.go:91.43,93.50 2 1
github.com/livinlefevreloca/itinerary/internal/constraints/http_health_check.go:93.50,95.4 1 0
github.com/livinlefevreloca/itinerary/internal/constraints/http_health_check.go:96.3,96.30 1 1
github.com/livinlefevreloca/itinerary/internal/constraints/http_health_check.go:100.2,104.16 4 13
github.com/livinlefevreloca/itinerary/internal/constraints/http_health_check.go:104.16,106.3 1 0
github.com/livinlefevreloca/itinerary/internal/constraints/http_health_check.go:108.2,108.34 1 13
github.com/livinlefevreloca/itinerary/internal/constraints/http_health_check.go:108.34,110.3 1 1
github.com/livinlefevreloca/itinerary/internal/constraints/http_health_check.go:112.2,113.16 2 13
github.com/livinlefevreloca/itinerary/internal/constraints/http_health_check.go:113.16,115.3 1 2
github.com/livinlefevreloca/itinerary/internal/constraints/http_health_check.go:116.2,124.8 3 11
github.com/livinlefevreloca/itinerary/internal/constraints/http_health_check.go:127.51,129.2 1 0
github.com/livinlefevreloca/itinerary/internal/constraints/http_health_check.go:131.74,133.2 1 1
github.com/livinlefevreloca/itinerary/internal/constraints/http_health_check.go:135.65,137.2 1 0
github.com/livinlefevreloca/itinerary/internal/constraints/max_runtime.go:15.92,20.2 1 7
github.com/livinlefevreloca/itinerary/internal/constraints/max_runtime.go:22.87,23.26 1 6
github.com/livinlefevreloca/itinerary/internal/constraints/max_runtime.go:23.26,25.3 1 1
github.com/livinlefevreloca/itinerary/internal/constraints/max_runtime.go:27.2,34.8 3 5
github.com/livinlefevreloca/itinerary/internal/constraints/max_runtime.go:37.46,39.2 1 0
github.com/livinlefevreloca/itinerary/internal/constraints/max_runtime.go:41.69,43.2 1 3
github.com/livinlefevreloca/itinerary/internal/constraints/max_runtime.go:45.60,48.2 1 0
github.com/livinlefevreloca/itinerary/internal/constraints/min_runtime.go:15.92,20.2 1 7
github.com/livinlefevreloca/itinerary/internal/constraints/min_runtime.go:22.87,23.48 1 6
github.com/livinlefevreloca/itinerary/internal/constraints/min_runtime.go:23.48,25.3 1 1
github.com/livinlefevreloca/itinerary/internal/constraints/min_runtime.go:27.2,34.8 3 5
github.com/livinlefevreloca/itinerary/internal/constraints/min_runtime.go:37.46,39.2 1 0
github.com/livinlefevreloca/itinerary/internal/constraints/min_runtime.go:41.69,43.2 1 3
github.com/livinlefevreloca/itinerary/internal/constraints/min_runtime.go:45.60,48.2 1 0
github.com/livinlefevreloca/itinerary/internal/constraints/other_job_completed_recently.go:18.168,26.2 1 6
github.com/livinlefevreloca/itinerary/internal/constraints/other_job_completed_recently.go:28.102,36.57 3 5
github.com/livinlefevreloca/itinerary/internal/constraints/other_job_completed_recently.go:36.57,38.3 1 0
github.com/livinlefevreloca/itinerary/internal/constraints/other_job_completed_recently.go:40.2,40.9 1 5
github.com/livinlefevreloca/itinerary/internal/constraints/other_job_completed_recently.go:41.30,44.29 2 5
github.com/livinlefevreloca/itinerary/internal/constraints/other_job_completed_recently.go:44.29,49.4 1 1
github.com/livinlefevreloca/itinerary/internal/constraints/other_job_completed_recently.go:51.3,55.20 4 4
github.com/livinlefevreloca/itinerary/internal/constraints/other_job_completed_recently.go:55.20,57.4 1 2
github.com/livinlefevreloca/itinerary/internal/constraints/other_job_completed_recently.go:59.3,63.9 1 4
github.com/livinlefevreloca/itinerary/internal/constraints/other_job_completed_recently.go:64.28,65.47 1 0
github.com/livinlefevreloca/itinerary/internal/constraints/other_job_completed_recently.go:69.61,71.2 1 0
github.com/livinlefevreloca/itinerary/internal/constraints/other_job_completed_recently.go:73.84,75.2 1 1
github.com/livinlefevreloca/itinerary/internal/constraints/other_job_completed_recently.go:77.75,79.2 1 0
github.com/livinlefevreloca/itinerary/internal/constraints/other_job_running.go:14.130,21.2 1 6
github.com/livinlefevreloca/itinerary/internal/constraints/other_job_running.go:23.92,30.57 3 5
github.com/livinlefevreloca/itinerary/internal/constraints/other_job_running.go:30.57,32.3 1 1
github.com/livinlefevreloca/itinerary/internal/constraints/other_job_running.go:34.2,34.9 1 4
github.com/livinlefevreloca/itinerary/internal/constraints/other_job_running.go:35.30,43.9 3 3
github.com/livinlefevreloca/itinerary/internal/constraints/other_job_running.go:44.28,45.47 1 1
github.com/livinlefevreloca/itinerary/internal/constraints/other_job_running.go:49.51,51.2 1 0
github.com/livinlefevreloca/itinerary/internal/constraints/other_job_running.go:53.74,55.2 1 1
github.com/livinlefevreloca/itinerary/internal/constraints/other_job_running.go:57.65,59.2 1 0
github.com/livinlefevreloca/itinerary/internal/constraints/other_job_scheduled_soon.go:17.142,24.2 1 5
github.com/livinlefevreloca/itinerary/internal/constraints/other_job_scheduled_soon.go:26.98,33.57 3 4
github.com/livinlefevreloca/itinerary/internal/constraints/other_job_scheduled_soon.go:33.57,35.3 1 0
github.com/livinlefevreloca/itinerary/internal/constraints/other_job_scheduled_soon.go:37.2,37.9 1 4
github.com/livinlefevreloca/itinerary/internal/constraints/other_job_scheduled_soon.go:38.30,41.27 2 4
github.com/livinlefevreloca/itinerary/internal/constraints/other_job_scheduled_soon.go:41.27,46.4 1 1
github.com/livinlefevreloca/itinerary/internal/constraints/other_job_scheduled_soon.go:48.3,55.9 3 3
github.com/livinlefevreloca/itinerary/internal/constraints/other_job_scheduled_soon.go:56.28,57.47 1 0
github.com/livinlefevreloca/itinerary/internal/constraints/other_job_scheduled_soon.go:61.57,63.2 1 0
github.com/livinlefevreloca/itinerary/internal/constraints/other_job_scheduled_soon.go:65.80,67.2 1 1
github.com/livinlefevreloca/itinerary/internal/constraints/other_job_scheduled_soon.go:69.71,71.2 1 0
github.com/livinlefevreloca/itinerary/internal/constraints/time_window.go:18.134,26.2 1 8
github.com/livinlefevreloca/itinerary/internal/constraints/time_window.go:28.87,44.2 5 4
github.com/livinlefevreloca/itinerary/internal/constraints/time_window.go:46.46,48.2 1 0
github.com/livinlefevreloca/itinerary/internal/constraints/time_window.go:50.69,52.2 1 1
github.com/livinlefevreloca/itinerary/internal/constraints/time_window.go:54.60,56.2 1 2
github.com/livinlefevreloca/itinerary/internal/scheduler/index/index.go:18.67,30.2 6 30
github.com/livinlefevreloca/itinerary/internal/scheduler/index/index.go:35.74,37.36 2 1561
github.com/livinlefevreloca/itinerary/internal/scheduler/index/index.go:37.36,39.3 1 2
github.com/livinlefevreloca/itinerary/internal/scheduler/index/index.go:41.2,44.55 2 1559
github.com/livinlefevreloca/itinerary/internal/scheduler/index/index.go:44.55,46.3 1 19649
github.com/livinlefevreloca/itinerary/internal/scheduler/index/index.go:49.2,50.41 2 1559
github.com/livinlefevreloca/itinerary/internal/scheduler/index/index.go:50.41,51.39 1 924170
github.com/livinlefevreloca/itinerary/internal/scheduler/index/index.go:51.39,53.4 1 922625
github.com/livinlefevreloca/itinerary/internal/scheduler/index/index.go:53.9,54.9 1 1545
github.com/livinlefevreloca/itinerary/internal/scheduler/index/index.go:58.2,58.16 1 1559
github.com/livinlefevreloca/itinerary/internal/scheduler/index/index.go:62.41,64.17 2 554
github.com/livinlefevreloca/itinerary/internal/scheduler/index/index.go:64.17,66.3 1 0
github.com/livinlefevreloca/itinerary/internal/scheduler/index/index.go:67.2,67.19 1 554
github.com/livinlefevreloca/itinerary/internal/scheduler/index/index.go:73.60,81.2 4 63
github.com/livinlefevreloca/itinerary/internal/scheduler/index/index.go:85.36,86.39 1 93
github.com/livinlefevreloca/itinerary/internal/scheduler/index/index.go:86.39,87.53 1 518611
github.com/livinlefevreloca/itinerary/internal/scheduler/index/index.go:87.53,89.4 1 121053
github.com/livinlefevreloca/itinerary/internal/scheduler/index/index.go:90.3,90.57 1 397558
github.com/livinlefevreloca/itinerary/internal/scheduler/config.go:50.47,62.2 1 29
github.com/livinlefevreloca/itinerary/internal/scheduler/config.go:65.57,72.2 1 23
github.com/livinlefevreloca/itinerary/internal/scheduler/config.go:75.51,76.37 1 16
github.com/livinlefevreloca/itinerary/internal/scheduler/config.go:76.37,78.3 1 1
github.com/livinlefevreloca/itinerary/internal/scheduler/config.go:80.2,80.38 1 15
github.com/livinlefevreloca/itinerary/internal/scheduler/config.go:80.38,82.3 1 0
github.com/livinlefevreloca/itinerary/internal/scheduler/config.go:84.2,84.33 1 15
github.com/livinlefevreloca/itinerary/internal/scheduler/config.go:84.33,86.3 1 1
github.com/livinlefevreloca/itinerary/internal/scheduler/config.go:88.2,88.59 1 14
github.com/livinlefevreloca/itinerary/internal/scheduler/config.go:88.59,91.3 1 1
github.com/livinlefevreloca/itinerary/internal/scheduler/config.go:93.2,93.29 1 13
github.com/livinlefevreloca/itinerary/internal/scheduler/config.go:93.29,95.3 1 1
github.com/livinlefevreloca/itinerary/internal/scheduler/config.go:97.2,97.30 1 12
github.com/livinlefevreloca/itinerary/internal/scheduler/config.go:97.30,99.3 1 0
github.com/livinlefevreloca/itinerary/internal/scheduler/config.go:101.2,101.33 1 12
github.com/livinlefevreloca/itinerary/internal/scheduler/config.go:101.33,103.3 1 1
github.com/livinlefevreloca/itinerary/internal/scheduler/config.go:105.2,105.34 1 11
github.com/livinlefevreloca/itinerary/internal/scheduler/config.go:105.34,107.3 1 0
github.com/livinlefevreloca/itinerary/internal/scheduler/config.go:109.2,109.47 1 11
github.com/livinlefevreloca/itinerary/internal/scheduler/config.go:109.47,111.3 1 1
github.com/livinlefevreloca/itinerary/internal/scheduler/config.go:113.2,113.49 1 10
github.com/livinlefevreloca/itinerary/internal/scheduler/config.go:113.49,115.3 1 1
github.com/livinlefevreloca/itinerary/internal/scheduler/config.go:117.2,117.12 1 9
github.com/livinlefevreloca/itinerary/internal/scheduler/config.go:121.70,122.36 1 23
github.com/livinlefevreloca/itinerary/internal/scheduler/config.go:122.36,124.3 1 1
github.com/livinlefevreloca/itinerary/internal/scheduler/config.go:126.2,126.29 1 22
github.com/livinlefevreloca/itinerary/internal/scheduler/config.go:126.29,128.3 1 0
github.com/livinlefevreloca/itinerary/internal/scheduler/config.go:130.2,130.32 1 22
github.com/livinlefevreloca/itinerary/internal/scheduler/config.go:130.32,132.3 1 0
github.com/livinlefevreloca/itinerary/internal/scheduler/config.go:134.2,134.31 1 22
github.com/livinlefevreloca/itinerary/internal/scheduler/config.go:134.31,136.3 1 0
github.com/livinlefevreloca/itinerary/internal/scheduler/config.go:138.2,138.12 1 22
github.com/livinlefevreloca/itinerary/internal/scheduler/job_state_syncer.go:33.99,34.61 1 23
github.com/livinlefevreloca/itinerary/internal/scheduler/job_state_syncer.go:34.61,36.3 1 1
github.com/livinlefevreloca/itinerary/internal/scheduler/job_state_syncer.go:38.2,46.8 1 22
github.com/livinlefevreloca/itinerary/internal/scheduler/job_state_syncer.go:51.72,55.61 2 158
github.com/livinlefevreloca/itinerary/internal/scheduler/job_state_syncer.go:55.61,58.3 1 0
github.com/livinlefevreloca/itinerary/internal/scheduler/job_state_syncer.go:60.2,60.12 1 158
github.com/livinlefevreloca/itinerary/internal/scheduler/job_state_syncer.go:65.53,66.36 1 10
github.com/livinlefevreloca/itinerary/internal/scheduler/job_state_syncer.go:66.36,68.3 1 5
github.com/livinlefevreloca/itinerary/internal/scheduler/job_state_syncer.go:70.2,70.46 1 5
github.com/livinlefevreloca/itinerary/internal/scheduler/job_state_syncer.go:70.46,71.10 1 155
github.com/livinlefevreloca/itinerary/internal/scheduler/job_state_syncer.go:72.34,72.34 0 155
github.com/livinlefevreloca/itinerary/internal/scheduler/job_state_syncer.go:74.11,75.93 1 0
github.com/livinlefevreloca/itinerary/internal/scheduler/job_state_syncer.go:80.2,82.12 3 5
github.com/livinlefevreloca/itinerary/internal/scheduler/job_state_syncer.go:86.57,90.2 1 24
github.com/livinlefevreloca/itinerary/internal/scheduler/job_state_syncer.go:93.55,95.2 1 21
github.com/livinlefevreloca/itinerary/internal/scheduler/job_state_syncer.go:98.51,102.2 3 5
github.com/livinlefevreloca/itinerary/internal/scheduler/job_state_syncer.go:105.38,108.38 2 5
github.com/livinlefevreloca/itinerary/internal/scheduler/job_state_syncer.go:108.38,111.17 2 155
github.com/livinlefevreloca/itinerary/internal/scheduler/job_state_syncer.go:111.17,116.4 1 0
github.com/livinlefevreloca/itinerary/internal/scheduler/job_state_syncer.go:116.9,120.4 1 155
github.com/livinlefevreloca/itinerary/internal/scheduler/job_state_syncer.go:123.2,123.46 1 5
github.com/livinlefevreloca/itinerary/internal/scheduler/job_state_syncer.go:127.71,128.17 1 155
github.com/livinlefevreloca/itinerary/internal/scheduler/job_state_syncer.go:128.17,130.3 1 0
github.com/livinlefevreloca/itinerary/internal/scheduler/job_state_syncer.go:131.2,131.39 1 155
github.com/livinlefevreloca/itinerary/internal/scheduler/job_state_syncer.go:135.43,146.47 5 5
github.com/livinlefevreloca/itinerary/internal/scheduler/job_state_syncer.go:146.47,148.3 1 0
github.com/livinlefevreloca/itinerary/internal/scheduler/job_state_syncer.go:151.2,159.12 6 5
github.com/livinlefevreloca/itinerary/internal/scheduler/messages.go:40.38,41.11 1 105
github.com/livinlefevreloca/itinerary/internal/scheduler/messages.go:42.34,43.37 1 1
github.com/livinlefevreloca/itinerary/internal/scheduler/messages.go:44.31,45.33 1 101
github.com/livinlefevreloca/itinerary/internal/scheduler/messages.go:46.29,47.31 1 0
github.com/livinlefevreloca/itinerary/internal/scheduler/messages.go:48.32,49.34 1 1
github.com/livinlefevreloca/itinerary/internal/scheduler/messages.go:50.20,51.22 1 2
github.com/livinlefevreloca/itinerary/internal/scheduler/messages.go:52.26,53.29 1 0
github.com/livinlefevreloca/itinerary/internal/scheduler/messages.go:54.31,55.34 1 0
github.com/livinlefevreloca/itinerary/internal/scheduler/messages.go:56.27,57.31 1 0
github.com/livinlefevreloca/itinerary/internal/scheduler/messages.go:58.19,59.21 1 0
github.com/livinlefevreloca/itinerary/internal/scheduler/messages.go:60.19,61.20 1 0
github.com/livinlefevreloca/itinerary/internal/scheduler/messages.go:62.10,63.19 1 0
github.com/livinlefevreloca/itinerary/internal/scheduler/scheduler.go:40.135,42.47 1 8
github.com/livinlefevreloca/itinerary/internal/scheduler/scheduler.go:42.47,44.3 1 0
github.com/livinlefevreloca/itinerary/internal/scheduler/scheduler.go:47.2,51.16 3 8
github.com/livinlefevreloca/itinerary/internal/scheduler/scheduler.go:51.16,53.3 1 0
github.com/livinlefevreloca/itinerary/internal/scheduler/scheduler.go:56.2,69.48 2 8
github.com/livinlefevreloca/itinerary/internal/scheduler/scheduler.go:69.48,71.3 1 1
github.com/livinlefevreloca/itinerary/internal/scheduler/scheduler.go:73.2,73.15 1 7
github.com/livinlefevreloca/itinerary/internal/scheduler/scheduler.go:77.43,88.2 4 2
github.com/livinlefevreloca/itinerary/internal/scheduler/scheduler.go:91.32,93.2 1 2
github.com/livinlefevreloca/itinerary/internal/scheduler/scheduler.go:96.27,100.6 3 2
github.com/livinlefevreloca/itinerary/internal/scheduler/scheduler.go:100.6,101.10 1 13
github.com/livinlefevreloca/itinerary/internal/scheduler/scheduler.go:102.21,104.10 2 2
github.com/livinlefevreloca/itinerary/internal/scheduler/scheduler.go:106.19,107.17 1 11
github.com/livinlefevreloca/itinerary/internal/scheduler/scheduler.go:113.33,117.55 2 21
github.com/livinlefevreloca/itinerary/internal/scheduler/scheduler.go:117.55,121.3 3 0
github.com/livinlefevreloca/itinerary/internal/scheduler/scheduler.go:124.2,139.28 6 21
github.com/livinlefevreloca/itinerary/internal/scheduler/scheduler.go:143.64,150.27 4 21
github.com/livinlefevreloca/itinerary/internal/scheduler/scheduler.go:150.27,155.56 2 4
github.com/livinlefevreloca/itinerary/internal/scheduler/scheduler.go:155.56,156.12 1 0
github.com/livinlefevreloca/itinerary/internal/scheduler/scheduler.go:160.3,185.18 6 4
github.com/livinlefevreloca/itinerary/internal/scheduler/scheduler.go:185.18,187.4 1 0
github.com/livinlefevreloca/itinerary/internal/scheduler/scheduler.go:190.2,190.12 1 21
github.com/livinlefevreloca/itinerary/internal/scheduler/scheduler.go:194.40,198.6 2 22
github.com/livinlefevreloca/itinerary/internal/scheduler/scheduler.go:198.6,200.10 2 122
github.com/livinlefevreloca/itinerary/internal/scheduler/scheduler.go:200.10,201.9 1 22
github.com/livinlefevreloca/itinerary/internal/scheduler/scheduler.go:204.3,205.22 2 100
github.com/livinlefevreloca/itinerary/internal/scheduler/scheduler.go:208.2,208.26 1 22
github.com/livinlefevreloca/itinerary/internal/scheduler/scheduler.go:212.53,215.18 2 105
github.com/livinlefevreloca/itinerary/internal/scheduler/scheduler.go:216.34,217.39 1 1
github.com/livinlefevreloca/itinerary/internal/scheduler/scheduler.go:218.31,219.36 1 101
github.com/livinlefevreloca/itinerary/internal/scheduler/scheduler.go:220.29,221.34 1 0
github.com/livinlefevreloca/itinerary/internal/scheduler/scheduler.go:222.32,223.37 1 1
github.com/livinlefevreloca/itinerary/internal/scheduler/scheduler.go:224.20,225.25 1 2
github.com/livinlefevreloca/itinerary/internal/scheduler/scheduler.go:226.26,227.31 1 0
github.com/livinlefevreloca/itinerary/internal/scheduler/scheduler.go:228.31,229.36 1 0
github.com/livinlefevreloca/itinerary/internal/scheduler/scheduler.go:230.27,231.32 1 0
github.com/livinlefevreloca/itinerary/internal/scheduler/scheduler.go:232.19,233.24 1 0
github.com/livinlefevreloca/itinerary/internal/scheduler/scheduler.go:234.19,235.20 1 0
github.com/livinlefevreloca/itinerary/internal/scheduler/scheduler.go:236.10,237.58 1 0
github.com/livinlefevreloca/itinerary/internal/scheduler/scheduler.go:242.67,246.13 3 1
github.com/livinlefevreloca/itinerary/internal/scheduler/scheduler.go:246.13,249.3 2 0
github.com/livinlefevreloca/itinerary/internal/scheduler/scheduler.go:252.2,253.28 2 1
github.com/livinlefevreloca/itinerary/internal/scheduler/scheduler.go:257.69,261.13 3 1
github.com/livinlefevreloca/itinerary/internal/scheduler/scheduler.go:261.13,263.3 1 0
github.com/livinlefevreloca/itinerary/internal/scheduler/scheduler.go:265.2,272.4 2 1
github.com/livinlefevreloca/itinerary/internal/scheduler/scheduler.go:276.66,280.13 3 101
github.com/livinlefevreloca/itinerary/internal/scheduler/scheduler.go:280.13,282.3 1 0
github.com/livinlefevreloca/itinerary/internal/scheduler/scheduler.go:284.2,295.4 3 101
github.com/livinlefevreloca/itinerary/internal/scheduler/scheduler.go:299.64,303.13 3 0
github.com/livinlefevreloca/itinerary/internal/scheduler/scheduler.go:303.13,305.3 1 0
github.com/livinlefevreloca/itinerary/internal/scheduler/scheduler.go:307.2,318.4 3 0
github.com/livinlefevreloca/itinerary/internal/scheduler/scheduler.go:322.55,326.13 3 2
github.com/livinlefevreloca/itinerary/internal/scheduler/scheduler.go:326.13,329.3 2 1
github.com/livinlefevreloca/itinerary/internal/scheduler/scheduler.go:332.2,335.54 3 1
github.com/livinlefevreloca/itinerary/internal/scheduler/scheduler.go:339.61,343.13 3 0
github.com/livinlefevreloca/itinerary/internal/scheduler/scheduler.go:343.13,347.3 2 0
github.com/livinlefevreloca/itinerary/internal/scheduler/scheduler.go:350.2,350.40 1 0
github.com/livinlefevreloca/itinerary/internal/scheduler/scheduler.go:350.40,355.3 2 0
github.com/livinlefevreloca/itinerary/internal/scheduler/scheduler.go:358.2,358.9 1 0
github.com/livinlefevreloca/itinerary/internal/scheduler/scheduler.go:359.44,363.32 2 0
github.com/livinlefevreloca/itinerary/internal/scheduler/scheduler.go:364.10,366.25 1 0
github.com/livinlefevreloca/itinerary/internal/scheduler/scheduler.go:371.66,381.29 4 0
github.com/livinlefevreloca/itinerary/internal/scheduler/scheduler.go:381.29,383.3 1 0
github.com/livinlefevreloca/itinerary/internal/scheduler/scheduler.go:387.62,389.46 2 0
github.com/livinlefevreloca/itinerary/internal/scheduler/scheduler.go:389.46,391.3 1 0
github.com/livinlefevreloca/itinerary/internal/scheduler/scheduler.go:393.2,397.29 2 0
github.com/livinlefevreloca/itinerary/internal/scheduler/scheduler.go:397.29,399.3 1 0
github.com/livinlefevreloca/itinerary/internal/scheduler/scheduler.go:403.54,413.29 2 0
github.com/livinlefevreloca/itinerary/internal/scheduler/scheduler.go:413.29,415.3 1 0
github.com/livinlefevreloca/itinerary/internal/scheduler/scheduler.go:419.52,420.50 1 25
github.com/livinlefevreloca/itinerary/internal/scheduler/scheduler.go:420.50,426.41 1 14
github.com/livinlefevreloca/itinerary/internal/scheduler/scheduler.go:426.41,427.12 1 5
github.com/livinlefevreloca/itinerary/internal/scheduler/scheduler.go:431.3,434.48 3 9
github.com/livinlefevreloca/itinerary/internal/scheduler/scheduler.go:434.48,446.74 4 4
github.com/livinlefevreloca/itinerary/internal/scheduler/scheduler.go:446.74,465.5 4 2
github.com/livinlefevreloca/itinerary/internal/scheduler/scheduler.go:471.57,474.50 2 25
github.com/livinlefevreloca/itinerary/internal/scheduler/scheduler.go:474.50,479.41 1 23
github.com/livinlefevreloca/itinerary/internal/scheduler/scheduler.go:479.41,480.12 1 16
github.com/livinlefevreloca/itinerary/internal/scheduler/scheduler.go:484.3,484.61 1 7
github.com/livinlefevreloca/itinerary/internal/scheduler/scheduler.go:484.61,486.4 1 6
github.com/livinlefevreloca/itinerary/internal/scheduler/scheduler.go:490.2,490.33 1 25
github.com/livinlefevreloca/itinerary/internal/scheduler/scheduler.go:490.33,492.3 1 6
github.com/livinlefevreloca/itinerary/internal/scheduler/scheduler.go:494.2,494.23 1 25
github.com/livinlefevreloca/itinerary/internal/scheduler/scheduler.go:494.23,496.3 1 3
github.com/livinlefevreloca/itinerary/internal/scheduler/scheduler.go:500.82,515.2 2 21
github.com/livinlefevreloca/itinerary/internal/scheduler/scheduler.go:518.84,526.65 4 21
github.com/livinlefevreloca/itinerary/internal/scheduler/scheduler.go:526.65,527.63 1 3
github.com/livinlefevreloca/itinerary/internal/scheduler/scheduler.go:527.63,532.4 1 0
github.com/livinlefevreloca/itinerary/internal/scheduler/scheduler.go:539.53,543.6 3 2
github.com/livinlefevreloca/itinerary/internal/scheduler/scheduler.go:543.6,544.10 1 2
github.com/livinlefevreloca/itinerary/internal/scheduler/scheduler.go:545.21,546.10 1 2
github.com/livinlefevreloca/itinerary/internal/scheduler/scheduler.go:548.19,549.31 1 0
github.com/livinlefevreloca/itinerary/internal/scheduler/scheduler.go:551.29,553.31 1 0
github.com/livinlefevreloca/itinerary/internal/scheduler/scheduler.go:560.61,571.16 6 8
github.com/livinlefevreloca/itinerary/internal/scheduler/scheduler.go:571.16,575.3 2 1
github.com/livinlefevreloca/itinerary/internal/scheduler/scheduler.go:578.2,579.27 2 7
github.com/livinlefevreloca/itinerary/internal/scheduler/scheduler.go:579.27,581.17 2 9
github.com/livinlefevreloca/itinerary/internal/scheduler/scheduler.go:581.17,586.12 2 1
github.com/livinlefevreloca/itinerary/internal/scheduler/scheduler.go:589.3,590.27 2 8
github.com/livinlefevreloca/itinerary/internal/scheduler/scheduler.go:590.27,595.4 1 28
github.com/livinlefevreloca/itinerary/internal/scheduler/scheduler.go:599.2,612.12 6 7
github.com/livinlefevreloca/itinerary/internal/scheduler/scheduler.go:616.58,623.40 2 8
github.com/livinlefevreloca/itinerary/internal/scheduler/scheduler.go:623.40,625.17 2 8
github.com/livinlefevreloca/itinerary/internal/scheduler/scheduler.go:625.17,627.4 1 1
github.com/livinlefevreloca/itinerary/internal/scheduler/scheduler.go:631.3,632.34 2 7
github.com/livinlefevreloca/itinerary/internal/scheduler/scheduler.go:632.34,634.4 1 0
github.com/livinlefevreloca/itinerary/internal/scheduler/scheduler.go:636.3,637.34 2 7
github.com/livinlefevreloca/itinerary/internal/scheduler/scheduler.go:637.34,639.34 2 9
github.com/livinlefevreloca/itinerary/internal/scheduler/scheduler.go:639.34,641.5 1 9
github.com/livinlefevreloca/itinerary/internal/scheduler/scheduler.go:644.4,647.54 3 9
github.com/livinlefevreloca/itinerary/internal/scheduler/scheduler.go:647.54,649.5 1 0
github.com/livinlefevreloca/itinerary/internal/scheduler/scheduler.go:651.4,654.5 1 9
github.com/livinlefevreloca/itinerary/internal/scheduler/scheduler.go:656.3,656.21 1 7
github.com/livinlefevreloca/itinerary/internal/scheduler/scheduler.go:660.2,660.22 1 0
github.com/livinlefevreloca/itinerary/internal/scheduler/scheduler.go:665.142,680.2 3 4
github.com/livinlefevreloca/itinerary/internal/scheduler/scheduler.go:683.44,687.50 2 3
github.com/livinlefevreloca/itinerary/internal/scheduler/scheduler.go:687.50,690.40 1 14
github.com/livinlefevreloca/itinerary/internal/scheduler/scheduler.go:690.40,693.4 2 14
github.com/livinlefevreloca/itinerary/internal/scheduler/scheduler.go:697.2,697.52 1 3
github.com/livinlefevreloca/itinerary/internal/scheduler/scheduler.go:697.52,699.3 1 0
github.com/livinlefevreloca/itinerary/internal/scheduler/scheduler.go:702.2,705.12 3 3
github.com/livinlefevreloca/itinerary/internal/scheduler/types.go:60.45,61.11 1 108
github.com/livinlefevreloca/itinerary/internal/scheduler/types.go:62.26,63.18 1 4
github.com/livinlefevreloca/itinerary/internal/scheduler/types.go:64.27,65.19 1 1
github.com/livinlefevreloca/itinerary/internal/scheduler/types.go:66.36,67.29 1 0
github.com/livinlefevreloca/itinerary/internal/scheduler/types.go:68.36,69.29 1 0
github.com/livinlefevreloca/itinerary/internal/scheduler/types.go:70.33,71.26 1 0
github.com/livinlefevreloca/itinerary/internal/scheduler/types.go:72.33,73.26 1 0
github.com/livinlefevreloca/itinerary/internal/scheduler/types.go:74.37,75.30 1 0
github.com/livinlefevreloca/itinerary/internal/scheduler/types.go:76.27,77.19 1 0
github.com/livinlefevreloca/itinerary/internal/scheduler/types.go:78.31,79.23 1 0
github.com/livinlefevreloca/itinerary/internal/scheduler/types.go:80.28,81.20 1 0
github.com/livinlefevreloca/itinerary/internal/scheduler/types.go:82.29,83.21 1 101
github.com/livinlefevreloca/itinerary/internal/scheduler/types.go:84.26,85.18 1 0
github.com/livinlefevreloca/itinerary/internal/scheduler/types.go:86.29,87.21 1 0
github.com/livinlefevreloca/itinerary/internal/scheduler/types.go:88.28,89.20 1 2
[...]
github.com/livinlefevreloca/itinerary/internal/orchestrator/orchestrator.go:199.2,203.9 4 0
github.com/livinlefevreloca/itinerary/internal/orchestrator/orchestrator.go:204.17,206.36 1 0
github.com/livinlefevreloca/itinerary/internal/orchestrator/orchestrator.go:207.37,209.26 1 0
github.com/livinlefevreloca/itinerary/internal/orchestrator/orchestrator.go:211.22,213.38 1 0
github.com/livinlefevreloca/itinerary/internal/orchestrator/orchestrator.go:218.37,222.43 2 0
github.com/livinlefevreloca/itinerary/internal/orchestrator/orchestrator.go:222.43,226.3 2 0
github.com/livinlefevreloca/itinerary/internal/orchestrator/orchestrator.go:226.8,230.3 2 0
github.com/livinlefevreloca/itinerary/internal/orchestrator/orchestrator.go:234.46,238.9 2 0
github.com/livinlefevreloca/itinerary/internal/orchestrator/orchestrator.go:239.22,241.9 2 0
github.com/livinlefevreloca/itinerary/internal/orchestrator/orchestrator.go:242.10,242.10 0 0
github.com/livinlefevreloca/itinerary/internal/orchestrator/orchestrator.go:246.2,246.44 1 0
github.com/livinlefevreloca/itinerary/internal/orchestrator/orchestrator.go:250.46,257.2 3 0
github.com/livinlefevreloca/itinerary/internal/orchestrator/orchestrator.go:260.43,264.9 2 0
github.com/livinlefevreloca/itinerary/internal/orchestrator/orchestrator.go:265.22,267.9 2 0
github.com/livinlefevreloca/itinerary/internal/orchestrator/orchestrator.go:268.10,268.10 0 0
github.com/livinlefevreloca/itinerary/internal/orchestrator/orchestrator.go:272.2,272.41 1 0
github.com/livinlefevreloca/itinerary/internal/orchestrator/orchestrator.go:276.43,283.2 3 0
github.com/livinlefevreloca/itinerary/internal/orchestrator/orchestrator.go:286.47,292.2 2 0
github.com/livinlefevreloca/itinerary/internal/orchestrator/orchestrator.go:295.37,301.2 2 0
github.com/livinlefevreloca/itinerary/internal/orchestrator/orchestrator.go:304.41,311.2 3 0
github.com/livinlefevreloca/itinerary/internal/orchestrator/orchestrator.go:314.38,320.2 2 0
github.com/livinlefevreloca/itinerary/internal/orchestrator/orchestrator.go:323.39,329.2 1 0
github.com/livinlefevreloca/itinerary/internal/orchestrator/orchestrator.go:332.36,339.2 1 0
github.com/livinlefevreloca/itinerary/internal/orchestrator/orchestrator.go:342.39,349.2 1 0
github.com/livinlefevreloca/itinerary/internal/orchestrator/orchestrator.go:352.38,358.2 1 0
github.com/livinlefevreloca/itinerary/internal/orchestrator/state_impls.go:6.37,6.56 1 32
github.com/livinlefevreloca/itinerary/internal/orchestrator/state_impls.go:7.49,9.2 1 7
github.com/livinlefevreloca/itinerary/internal/orchestrator/state_impls.go:10.53,12.2 1 1
github.com/livinlefevreloca/itinerary/internal/orchestrator/state_impls.go:17.38,17.58 1 24
github.com/livinlefevreloca/itinerary/internal/orchestrator/state_impls.go:18.68,20.2 1 2
github.com/livinlefevreloca/itinerary/internal/orchestrator/state_impls.go:21.70,23.2 1 5
github.com/livinlefevreloca/itinerary/internal/orchestrator/state_impls.go:24.54,26.2 1 1
github.com/livinlefevreloca/itinerary/internal/orchestrator/state_impls.go:31.47,31.77 1 6
github.com/livinlefevreloca/itinerary/internal/orchestrator/state_impls.go:32.77,34.2 1 2
github.com/livinlefevreloca/itinerary/internal/orchestrator/state_impls.go:35.63,37.2 1 0
github.com/livinlefevreloca/itinerary/internal/orchestrator/state_impls.go:42.47,42.77 1 6
github.com/livinlefevreloca/itinerary/internal/orchestrator/state_impls.go:43.71,45.2 1 1
github.com/livinlefevreloca/itinerary/internal/orchestrator/state_impls.go:46.79,48.2 1 1
github.com/livinlefevreloca/itinerary/internal/orchestrator/state_impls.go:49.57,51.2 1 0
github.com/livinlefevreloca/itinerary/internal/orchestrator/state_impls.go:52.63,54.2 1 0
github.com/livinlefevreloca/itinerary/internal/orchestrator/state_impls.go:59.44,59.71 1 3
github.com/livinlefevreloca/itinerary/internal/orchestrator/state_impls.go:60.68,62.2 1 1
github.com/livinlefevreloca/itinerary/internal/orchestrator/state_impls.go:63.60,65.2 1 0
github.com/livinlefevreloca/itinerary/internal/orchestrator/state_impls.go:70.44,70.71 1 3
github.com/livinlefevreloca/itinerary/internal/orchestrator/state_impls.go:71.76,73.2 1 1
github.com/livinlefevreloca/itinerary/internal/orchestrator/state_impls.go:74.60,76.2 1 0
github.com/livinlefevreloca/itinerary/internal/orchestrator/state_impls.go:77.54,79.2 1 0
github.com/livinlefevreloca/itinerary/internal/orchestrator/state_impls.go:80.60,82.2 1 0
github.com/livinlefevreloca/itinerary/internal/orchestrator/state_impls.go:87.48,87.79 1 21
github.com/livinlefevreloca/itinerary/internal/orchestrator/state_impls.go:88.60,90.2 1 6
github.com/livinlefevreloca/itinerary/internal/orchestrator/state_impls.go:91.58,93.2 1 1
github.com/livinlefevreloca/itinerary/internal/orchestrator/state_impls.go:94.62,96.2 1 0
github.com/livinlefevreloca/itinerary/internal/orchestrator/state_impls.go:97.64,99.2 1 0
github.com/livinlefevreloca/itinerary/internal/orchestrator/state_impls.go:104.38,104.58 1 18
github.com/livinlefevreloca/itinerary/internal/orchestrator/state_impls.go:105.58,107.2 1 5
github.com/livinlefevreloca/itinerary/internal/orchestrator/state_impls.go:108.54,110.2 1 1
github.com/livinlefevreloca/itinerary/internal/orchestrator/state_impls.go:115.42,115.66 1 15
github.com/livinlefevreloca/itinerary/internal/orchestrator/state_impls.go:116.58,118.2 1 4
github.com/livinlefevreloca/itinerary/internal/orchestrator/state_impls.go:119.52,121.2 1 0
github.com/livinlefevreloca/itinerary/internal/orchestrator/state_impls.go:122.56,124.2 1 1
github.com/livinlefevreloca/itinerary/internal/orchestrator/state_impls.go:125.58,127.2 1 0
github.com/livinlefevreloca/itinerary/internal/orchestrator/state_impls.go:132.39,132.60 1 3
github.com/livinlefevreloca/itinerary/internal/orchestrator/state_impls.go:133.69,135.2 1 0
github.com/livinlefevreloca/itinerary/internal/orchestrator/state_impls.go:136.51,138.2 1 1
github.com/livinlefevreloca/itinerary/internal/orchestrator/state_impls.go:139.49,141.2 1 0
github.com/livinlefevreloca/itinerary/internal/orchestrator/state_impls.go:142.55,144.2 1 0
github.com/livinlefevreloca/itinerary/internal/orchestrator/state_impls.go:151.40,151.62 1 8
github.com/livinlefevreloca/itinerary/internal/orchestrator/state_impls.go:156.37,156.56 1 2
github.com/livinlefevreloca/itinerary/internal/orchestrator/state_impls.go:157.51,159.2 1 0
github.com/livinlefevreloca/itinerary/internal/orchestrator/state_impls.go:164.40,164.62 1 6
github.com/livinlefevreloca/itinerary/internal/orchestrator/state_impls.go:169.39,169.60 1 0
github.com/livinlefevreloca/itinerary/internal/orchestrator/states.go:15.40,17.2 1 8
github.com/livinlefevreloca/itinerary/internal/orchestrator/states.go:19.45,21.2 1 49
github.com/livinlefevreloca/itinerary/internal/orchestrator/states.go:23.41,25.2 1 8
github.com/livinlefevreloca/itinerary/internal/orchestrator/types.go:37.45,38.11 1 0
github.com/livinlefevreloca/itinerary/internal/orchestrator/types.go:39.26,40.18 1 0
github.com/livinlefevreloca/itinerary/internal/orchestrator/types.go:41.27,42.19 1 0
github.com/livinlefevreloca/itinerary/internal/orchestrator/types.go:43.36,44.29 1 0
github.com/livinlefevreloca/itinerary/internal/orchestrator/types.go:45.36,46.29 1 0
github.com/livinlefevreloca/itinerary/internal/orchestrator/types.go:47.33,48.26 1 0
github.com/livinlefevreloca/itinerary/internal/orchestrator/types.go:49.33,50.26 1 0
github.com/livinlefevreloca/itinerary/internal/orchestrator/types.go:51.37,52.30 1 0
github.com/livinlefevreloca/itinerary/internal/orchestrator/types.go:53.27,54.19 1 0
github.com/livinlefevreloca/itinerary/internal/orchestrator/types.go:55.31,56.23 1 0
github.com/livinlefevreloca/itinerary/internal/orchestrator/types.go:57.28,58.20 1 0
github.com/livinlefevreloca/itinerary/internal/orchestrator/types.go:59.29,60.21 1 0
github.com/livinlefevreloca/itinerary/internal/orchestrator/types.go:61.26,62.18 1 0
github.com/livinlefevreloca/itinerary/internal/orchestrator/types.go:63.29,64.21 1 0
github.com/livinlefevreloca/itinerary/internal/orchestrator/types.go:65.28,66.20 1 0
github.com/livinlefevreloca/itinerary/internal/orchestrator/types.go:67.10,68.19 1 0
github.com/livinlefevreloca/itinerary/cmd/itinerary/main.go:16.13,32.16 8 0
github.com/livinlefevreloca/itinerary/cmd/itinerary/main.go:32.16,35.3 2 0
github.com/livinlefevreloca/itinerary/cmd/itinerary/main.go:38.2,38.39 1 0
github.com/livinlefevreloca/itinerary/cmd/itinerary/main.go:38.39,41.3 2 0
github.com/livinlefevreloca/itinerary/cmd/itinerary/main.go:44.2,49.22 2 0
github.com/livinlefevreloca/itinerary/cmd/itinerary/main.go:49.22,53.3 1 0
github.com/livinlefevreloca/itinerary/cmd/itinerary/main.go:55.2,55.25 1 0
github.com/livinlefevreloca/itinerary/cmd/itinerary/main.go:55.25,59.3 1 0
github.com/livinlefevreloca/itinerary/cmd/itinerary/main.go:62.2,64.16 3 0
github.com/livinlefevreloca/itinerary/cmd/itinerary/main.go:64.16,67.3 2 0
github.com/livinlefevreloca/itinerary/cmd/itinerary/main.go:68.2,71.34 2 0
github.com/livinlefevreloca/itinerary/cmd/itinerary/main.go:71.34,73.89 2 0
github.com/livinlefevreloca/itinerary/cmd/itinerary/main.go:73.89,76.4 2 0
github.com/livinlefevreloca/itinerary/cmd/itinerary/main.go:79.3,80.17 2 0
github.com/livinlefevreloca/itinerary/cmd/itinerary/main.go:80.17,83.4 2 0
github.com/livinlefevreloca/itinerary/cmd/itinerary/main.go:84.3,84.57 1 0
github.com/livinlefevreloca/itinerary/cmd/itinerary/main.go:85.8,87.3 1 0
github.com/livinlefevreloca/itinerary/cmd/itinerary/main.go:93.2,100.39 5 0
github.com/livinlefevreloca/itinerary/internal/testutil/mocks.go:33.26,39.2 1 0
github.com/livinlefevreloca/itinerary/internal/testutil/mocks.go:41.39,45.2 3 0
github.com/livinlefevreloca/itinerary/internal/testutil/mocks.go:47.43,51.2 3 0
github.com/livinlefevreloca/itinerary/internal/testutil/mocks.go:53.43,57.2 3 0
github.com/livinlefevreloca/itinerary/internal/testutil/mocks.go:59.53,63.2 3 0
github.com/livinlefevreloca/itinerary/internal/testutil/mocks.go:65.61,69.25 3 0
github.com/livinlefevreloca/itinerary/internal/testutil/mocks.go:69.25,71.3 1 0
github.com/livinlefevreloca/itinerary/internal/testutil/mocks.go:73.2,73.20 1 0
github.com/livinlefevreloca/itinerary/internal/testutil/mocks.go:76.62,82.15 5 0
github.com/livinlefevreloca/itinerary/internal/testutil/mocks.go:82.15,84.3 1 0
github.com/livinlefevreloca/itinerary/internal/testutil/mocks.go:86.2,89.16 3 0
github.com/livinlefevreloca/itinerary/internal/testutil/mocks.go:89.16,91.3 1 0
github.com/livinlefevreloca/itinerary/internal/testutil/mocks.go:93.2,94.12 2 0
github.com/livinlefevreloca/itinerary/internal/testutil/mocks.go:97.61,101.25 3 0
github.com/livinlefevreloca/itinerary/internal/testutil/mocks.go:101.25,103.3 1 0
github.com/livinlefevreloca/itinerary/internal/testutil/mocks.go:105.2,106.12 2 0
github.com/livinlefevreloca/itinerary/internal/testutil/mocks.go:109.52,116.2 5 0
github.com/livinlefevreloca/itinerary/internal/testutil/mocks.go:118.50,125.2 5 0
github.com/livinlefevreloca/itinerary/internal/testutil/mocks.go:127.44,131.2 3 0
github.com/livinlefevreloca/itinerary/internal/testutil/mocks.go:133.42,137.2 3 0
github.com/livinlefevreloca/itinerary/internal/testutil/mocks.go:139.33,144.2 4 0
github.com/livinlefevreloca/itinerary/internal/testutil/mocks.go:147.32,149.2 1 0
github.com/livinlefevreloca/itinerary/internal/testutil/mocks.go:157.47,161.2 1 0
github.com/livinlefevreloca/itinerary/internal/testutil/mocks.go:163.37,167.2 3 0
github.com/livinlefevreloca/itinerary/internal/testutil/mocks.go:169.46,173.2 3 0
github.com/livinlefevreloca/itinerary/internal/testutil/mocks.go:175.38,179.2 3 0
github.com/livinlefevreloca/itinerary/internal/testutil/mocks.go:193.34,197.2 1 0
github.com/livinlefevreloca/itinerary/internal/testutil/mocks.go:199.63,201.2 1 0
github.com/livinlefevreloca/itinerary/internal/testutil/mocks.go:203.62,205.2 1 0
github.com/livinlefevreloca/itinerary/internal/testutil/mocks.go:207.62,209.2 1 0
github.com/livinlefevreloca/itinerary/internal/testutil/mocks.go:211.63,213.2 1 0
github.com/livinlefevreloca/itinerary/internal/testutil/mocks.go:215.68,225.38 4 0
github.com/livinlefevreloca/itinerary/internal/testutil/mocks.go:225.38,226.24 1 0
github.com/livinlefevreloca/itinerary/internal/testutil/mocks.go:226.24,229.4 2 0
github.com/livinlefevreloca/itinerary/internal/testutil/mocks.go:232.2,232.38 1 0
github.com/livinlefevreloca/itinerary/internal/testutil/mocks.go:235.46,242.2 5 0
github.com/livinlefevreloca/itinerary/internal/testutil/mocks.go:244.65,249.34 4 0
github.com/livinlefevreloca/itinerary/internal/testutil/mocks.go:249.34,250.27 1 0
github.com/livinlefevreloca/itinerary/internal/testutil/mocks.go:250.27,252.4 1 0
github.com/livinlefevreloca/itinerary/internal/testutil/mocks.go:254.2,254.15 1 0
github.com/livinlefevreloca/itinerary/internal/testutil/mocks.go:257.30,261.2 3 0
github.com/livinlefevreloca/itinerary/internal/testutil/mocks.go:263.38,267.34 3 0
github.com/livinlefevreloca/itinerary/internal/testutil/mocks.go:267.34,268.29 1 0
github.com/livinlefevreloca/itinerary/internal/testutil/mocks.go:268.29,270.4 1 0
github.com/livinlefevreloca/itinerary/internal/testutil/mocks.go:272.2,272.14 1 0
github.com/livinlefevreloca/itinerary/internal/testutil/mocks.go:275.40,279.34 3 0
github.com/livinlefevreloca/itinerary/internal/testutil/mocks.go:279.34,280.28 1 0
github.com/livinlefevreloca/itinerary/internal/testutil/mocks.go:280.28,282.4 1 0
github.com/livinlefevreloca/itinerary/internal/testutil/mocks.go:284.2,284.14 1 0
github.com/livinlefevreloca/itinerary/internal/testutil/mocks.go:287.38,291.34 3 0
github.com/livinlefevreloca/itinerary/internal/testutil/mocks.go:291.34,292.29 1 0
github.com/livinlefevreloca/itinerary/internal/testutil/mocks.go:292.29,294.4 1 0
github.com/livinlefevreloca/itinerary/internal/testutil/mocks.go:296.2,296.14 1 0
github.com/livinlefevreloca/itinerary/internal/testutil/mocks.go:300.44,302.2 1 0
github.com/livinlefevreloca/itinerary/internal/testutil/mocks.go:311.72,313.2 1 0
github.com/livinlefevreloca/itinerary/internal/testutil/mocks.go:315.73,321.33 4 0
github.com/livinlefevreloca/itinerary/internal/testutil/mocks.go:321.33,324.3 2 0
github.com/livinlefevreloca/itinerary/internal/testutil/mocks.go:327.2,327.31 1 0
github.com/livinlefevreloca/itinerary/internal/testutil/mocks.go:327.31,329.3 1 0
github.com/livinlefevreloca/itinerary/internal/testutil/mocks.go:331.2,332.12 2 0
github.com/livinlefevreloca/itinerary/internal/testutil/mocks.go:335.68,344.2 4 0
github.com/livinlefevreloca/itinerary/internal/testutil/mocks.go:346.62,355.2 4 0
github.com/livinlefevreloca/itinerary/internal/testutil/mocks.go:358.104,363.6 4 0
github.com/livinlefevreloca/itinerary/internal/testutil/mocks.go:363.6,364.18 1 0
github.com/livinlefevreloca/itinerary/internal/testutil/mocks.go:364.18,366.4 1 0
github.com/livinlefevreloca/itinerary/internal/testutil/mocks.go:368.3,368.10 1 0
github.com/livinlefevreloca/itinerary/internal/testutil/mocks.go:369.19,370.34 1 0
github.com/livinlefevreloca/itinerary/internal/testutil/mocks.go:370.34,373.5 2 0
github.com/livinlefevreloca/itinerary/internal/testutil/mocks.go:393.50,397.2 1 0
github.com/livinlefevreloca/itinerary/internal/testutil/mocks.go:399.58,403.19 3 0
github.com/livinlefevreloca/itinerary/internal/testutil/mocks.go:403.19,405.3 1 0
github.com/livinlefevreloca/itinerary/internal/testutil/mocks.go:407.2,410.27 2 0
github.com/livinlefevreloca/itinerary/internal/testutil/mocks.go:410.27,412.3 1 0
github.com/livinlefevreloca/itinerary/internal/testutil/mocks.go:414.2,414.12 1 0
github.com/livinlefevreloca/itinerary/internal/testutil/mocks.go:417.58,421.2 3 0
github.com/livinlefevreloca/itinerary/internal/testutil/mocks.go:423.71,427.2 3 0
github.com/livinlefevreloca/itinerary/internal/testutil/mocks.go:429.50,434.2 4 0
github.com/livinlefevreloca/itinerary/internal/testutil/mocks.go:436.46,440.2 3 0
github.com/livinlefevreloca/itinerary/internal/testutil/mocks.go:443.42,447.2 1 0
github.com/livinlefevreloca/itinerary/internal/testutil/mocks.go:450.42,452.2 1 0
github.com/livinlefevreloca/itinerary/internal/testutil/mocks.go:455.81,456.90 1 0
github.com/livinlefevreloca/itinerary/internal/testutil/mocks.go:456.90,457.16 1 0
github.com/livinlefevreloca/itinerary/internal/testutil/mocks.go:457.16,459.4 1 0
github.com/livinlefevreloca/itinerary/internal/testutil/mocks.go:460.3,461.35 2 0
github.com/livinlefevreloca/itinerary/internal/testutil/mocks.go:481.50,485.2 1 0
github.com/livinlefevreloca/itinerary/internal/testutil/mocks.go:487.81,496.18 4 0
github.com/livinlefevreloca/itinerary/internal/testutil/mocks.go:496.18,498.3 1 0
github.com/livinlefevreloca/itinerary/internal/testutil/mocks.go:500.2,500.12 1 0
github.com/livinlefevreloca/itinerary/internal/testutil/mocks.go:503.55,507.2 3 0
github.com/livinlefevreloca/itinerary/internal/testutil/mocks.go:509.50,514.2 4 0
github.com/livinlefevreloca/itinerary/internal/testutil/mocks.go:516.38,522.2 5 0
github.com/livinlefevreloca/itinerary/internal/testutil/mocks.go:541.48,549.2 1 0
github.com/livinlefevreloca/itinerary/internal/testutil/mocks.go:551.58,555.18 4 0
github.com/livinlefevreloca/itinerary/internal/testutil/mocks.go:555.18,557.3 1 0
github.com/livinlefevreloca/itinerary/internal/testutil/mocks.go:558.2,558.12 1 0
github.com/livinlefevreloca/itinerary/internal/testutil/mocks.go:561.89,565.18 4 0
github.com/livinlefevreloca/itinerary/internal/testutil/mocks.go:565.18,567.3 1 0
github.com/livinlefevreloca/itinerary/internal/testutil/mocks.go:568.2,568.12 1 0
github.com/livinlefevreloca/itinerary/internal/testutil/mocks.go:571.66,575.18 4 0
github.com/livinlefevreloca/itinerary/internal/testutil/mocks.go:575.18,577.3 1 0
github.com/livinlefevreloca/itinerary/internal/testutil/mocks.go:578.2,578.12 1 0
github.com/livinlefevreloca/itinerary/internal/testutil/mocks.go:581.68,585.18 4 0
github.com/livinlefevreloca/itinerary/internal/testutil/mocks.go:585.18,587.3 1 0
github.com/livinlefevreloca/itinerary/internal/testutil/mocks.go:588.2,588.12 1 0
github.com/livinlefevreloca/itinerary/internal/testutil/mocks.go:591.66,595.18 4 0
github.com/livinlefevreloca/itinerary/internal/testutil/mocks.go:595.18,597.3 1 0
github.com/livinlefevreloca/itinerary/internal/testutil/mocks.go:598.2,598.12 1 0
github.com/livinlefevreloca/itinerary/internal/testutil/mocks.go:601.49,606.2 4 0
github.com/livinlefevreloca/itinerary/internal/testutil/mocks.go:608.37,618.2 9 0
github.com/livinlefevreloca/itinerary/internal/testutil/mocks.go:620.54,624.2 3 0
github.com/livinlefevreloca/itinerary/internal/testutil/mocks.go:626.61,630.2 3 0
github.com/livinlefevreloca/itinerary/internal/testutil/mocks.go:632.56,636.2 3 0
github.com/livinlefevreloca/itinerary/internal/testutil/mocks.go:638.59,642.2 3 0
github.com/livinlefevreloca/itinerary/internal/testutil/mocks.go:644.57,648.2 3 0
github.com/livinlefevreloca/itinerary/internal/testutil/mocks.go:663.52,667.2 1 0
github.com/livinlefevreloca/itinerary/internal/testutil/mocks.go:669.99,673.18 4 0
github.com/livinlefevreloca/itinerary/internal/testutil/mocks.go:673.18,675.3 1 0
github.com/livinlefevreloca/itinerary/internal/testutil/mocks.go:676.2,676.12 1 0
github.com/livinlefevreloca/itinerary/internal/testutil/mocks.go:679.51,684.2 4 0
github.com/livinlefevreloca/itinerary/internal/testutil/mocks.go:686.63,690.2 3 0
github.com/livinlefevreloca/itinerary/internal/testutil/mocks.go:692.39,698.2 5 0
github.com/livinlefevreloca/itinerary/internal/testutil/mocks.go:714.50,718.2 1 0
github.com/livinlefevreloca/itinerary/internal/testutil/mocks.go:720.101,724.18 4 0
github.com/livinlefevreloca/itinerary/internal/testutil/mocks.go:724.18,726.3 1 0
github.com/livinlefevreloca/itinerary/internal/testutil/mocks.go:727.2,727.12 1 0
github.com/livinlefevreloca/itinerary/internal/testutil/mocks.go:730.50,735.2 4 0
github.com/livinlefevreloca/itinerary/internal/testutil/mocks.go:737.60,741.2 3 0
github.com/livinlefevreloca/itinerary/internal/testutil/mocks.go:743.38,749.2 5 0
